==========================================
SLURM_JOB_ID = 9472402
SLURM_SUBMIT_DIR = /home/qhaomin/PF_rep/src
SLURM_JOB_NODELIST = mcn53
==========================================
1 0.13916778564453125
2 0.14096450805664062
2.447054862976074
3 0.14129638671875
4 0.14650344848632812
5 0.14780044555664062
6 0.14780044555664062
3 0.14780044555664062
4 0.15040206909179688
5 0.15040206909179688
6 0.15040206909179688
3 0.15040206909179688
4 0.15270614624023438
5 0.15270614624023438
6 0.15270614624023438
3 0.15270614624023438
4 0.15516281127929688
5 0.15516281127929688
6 0.15516281127929688
3 0.15516281127929688
4 0.15755844116210938
5 0.1577911376953125
6 0.1577911376953125
3 0.1577911376953125
4 0.158233642578125
5 0.158233642578125
6 0.158233642578125
3 0.158233642578125
4 0.1582794189453125
5 0.1582794189453125
6 0.1582794189453125
3 0.1582794189453125
4 0.15828323364257812
5 0.15828323364257812
6 0.15828323364257812
3 0.15828323364257812
4 0.15828704833984375
5 0.15828704833984375
6 0.15828704833984375
3 0.15828704833984375
4 0.15828323364257812
5 0.15828323364257812
6 0.15828323364257812
3 0.15828323364257812
4 0.15828323364257812
5 0.15828323364257812
6 0.15828323364257812
3 0.15828323364257812
4 0.15828323364257812
5 0.15828323364257812
6 0.15828323364257812
3 0.15828323364257812
4 0.15828704833984375
5 0.15828704833984375
6 0.15828704833984375
3 0.15828704833984375
4 0.15828704833984375
5 0.15828704833984375
6 0.15828704833984375
3 0.15828704833984375
4 0.15828704833984375
5 0.15828704833984375
6 0.15828704833984375
3 0.15828704833984375
4 0.15828704833984375
5 0.15828704833984375
6 0.15828704833984375
3 0.15828704833984375
4 0.15828704833984375
5 0.15828704833984375
6 0.15828704833984375
3 0.15828704833984375
4 0.15828704833984375
5 0.15828704833984375
6 0.15828704833984375
3 0.15828704833984375
4 0.15828704833984375
5 0.15828704833984375
6 0.15828704833984375
3 0.15828704833984375
4 0.15828704833984375
5 0.15828704833984375
6 0.15828704833984375
3 0.15828704833984375
4 0.15829086303710938
5 0.15829086303710938
6 0.15829086303710938
3 0.15829086303710938
4 0.15829086303710938
5 0.15829086303710938
6 0.15829086303710938
3 0.15829086303710938
4 0.15829086303710938
5 0.15829086303710938
6 0.15829086303710938
3 0.15829086303710938
4 0.15829086303710938
5 0.15829086303710938
6 0.15829086303710938
3 0.15829086303710938
4 0.15829086303710938
5 0.15829086303710938
6 0.15829086303710938
3 0.15829086303710938
4 0.15829086303710938
5 0.15829086303710938
6 0.15829086303710938
3 0.15829086303710938
4 0.15829086303710938
5 0.15829086303710938
6 0.15829086303710938
3 0.15829086303710938
4 0.15829086303710938
5 0.15829086303710938
6 0.15829086303710938
3 0.15829086303710938
4 0.15829086303710938
5 0.15829086303710938
6 0.15829086303710938
3 0.15829086303710938
4 0.15829086303710938
5 0.15829086303710938
6 0.15829086303710938
3 0.15829086303710938
4 0.15829086303710938
5 0.15829086303710938
6 0.15829086303710938
3 0.15829086303710938
4 0.15804672241210938
5 0.15804672241210938
6 0.15804672241210938
3 0.15804672241210938
4 0.15804672241210938
5 0.15804672241210938
6 0.15804672241210938
3 0.15804672241210938
4 0.15804672241210938
5 0.15804672241210938
6 0.15804672241210938
3 0.15804672241210938
4 0.15804672241210938
5 0.15804672241210938
6 0.15804672241210938
3 0.15804672241210938
4 0.15804672241210938
5 0.15804672241210938
6 0.15804672241210938
3 0.15804672241210938
4 0.15804672241210938
5 0.15804672241210938
6 0.15804672241210938
3 0.15804672241210938
4 0.15804672241210938
5 0.15804672241210938
6 0.15804672241210938
3 0.15804672241210938
4 0.15804672241210938
5 0.15804672241210938
6 0.15804672241210938
3 0.15804672241210938
4 0.158050537109375
5 0.158050537109375
6 0.158050537109375
3 0.158050537109375
4 0.158050537109375
5 0.158050537109375
6 0.158050537109375
3 0.158050537109375
4 0.158050537109375
5 0.158050537109375
6 0.158050537109375
3 0.158050537109375
4 0.158050537109375
5 0.158050537109375
6 0.158050537109375
3 0.158050537109375
4 0.158050537109375
5 0.158050537109375
6 0.158050537109375
3 0.158050537109375
4 0.158050537109375
5 0.158050537109375
6 0.158050537109375
3 0.158050537109375
4 0.158050537109375
5 0.158050537109375
6 0.158050537109375
3 0.158050537109375
4 0.158050537109375
5 0.158050537109375
6 0.158050537109375
3 0.158050537109375
4 0.158050537109375
5 0.158050537109375
6 0.158050537109375
3 0.158050537109375
4 0.158050537109375
5 0.158050537109375
6 0.158050537109375
3 0.158050537109375
4 0.158050537109375
5 0.158050537109375
6 0.158050537109375
3 0.158050537109375
4 0.158050537109375
5 0.158050537109375
6 0.158050537109375
3 0.158050537109375
4 0.158050537109375
5 0.158050537109375
6 0.158050537109375
3 0.158050537109375
4 0.158050537109375
5 0.158050537109375
6 0.158050537109375
3 0.158050537109375
4 0.158050537109375
5 0.158050537109375
6 0.158050537109375
3 0.158050537109375
4 0.158050537109375
5 0.158050537109375
6 0.158050537109375
3 0.158050537109375
4 0.158050537109375
5 0.158050537109375
6 0.158050537109375
3 0.158050537109375
4 0.158050537109375
5 0.158050537109375
6 0.158050537109375
3 0.158050537109375
4 0.158050537109375
5 0.158050537109375
6 0.158050537109375
3 0.158050537109375
4 0.158050537109375
5 0.158050537109375
6 0.158050537109375
3 0.158050537109375
4 0.158050537109375
5 0.158050537109375
6 0.158050537109375
3 0.158050537109375
4 0.158050537109375
5 0.158050537109375
6 0.158050537109375
3 0.158050537109375
4 0.158050537109375
5 0.158050537109375
6 0.158050537109375
3 0.158050537109375
4 0.158050537109375
5 0.158050537109375
6 0.158050537109375
3 0.158050537109375
4 0.158050537109375
5 0.158050537109375
6 0.158050537109375
3 0.158050537109375
4 0.158050537109375
5 0.158050537109375
6 0.158050537109375
3 0.158050537109375
4 0.158050537109375
5 0.158050537109375
6 0.158050537109375
3 0.158050537109375
4 0.158050537109375
5 0.158050537109375
6 0.158050537109375
3 0.158050537109375
4 0.158050537109375
5 0.158050537109375
6 0.158050537109375
3 0.158050537109375
4 0.158050537109375
5 0.158050537109375
6 0.158050537109375
3 0.158050537109375
4 0.158050537109375
5 0.158050537109375
6 0.158050537109375
3 0.158050537109375
4 0.158050537109375
5 0.158050537109375
6 0.158050537109375
3 0.158050537109375
4 0.158050537109375
5 0.158050537109375
6 0.158050537109375
3 0.158050537109375
4 0.158050537109375
5 0.158050537109375
6 0.158050537109375
3 0.158050537109375
4 0.158050537109375
5 0.158050537109375
6 0.158050537109375
3 0.158050537109375
4 0.158050537109375
5 0.158050537109375
6 0.158050537109375
3 0.158050537109375
4 0.158050537109375
5 0.158050537109375
6 0.158050537109375
3 0.158050537109375
4 0.158050537109375
5 0.158050537109375
6 0.158050537109375
3 0.158050537109375
4 0.158050537109375
5 0.158050537109375
6 0.158050537109375
3 0.158050537109375
4 0.158050537109375
5 0.158050537109375
6 0.158050537109375
3 0.158050537109375
4 0.158050537109375
5 0.158050537109375
6 0.158050537109375
3 0.158050537109375
4 0.158050537109375
5 0.158050537109375
6 0.158050537109375
3 0.158050537109375
4 0.158050537109375
5 0.158050537109375
6 0.158050537109375
3 0.158050537109375
4 0.158050537109375
5 0.158050537109375
6 0.158050537109375
3 0.158050537109375
4 0.158050537109375
5 0.158050537109375
6 0.158050537109375
3 0.158050537109375
4 0.158050537109375
5 0.158050537109375
6 0.158050537109375
3 0.158050537109375
4 0.158050537109375
5 0.158050537109375
6 0.158050537109375
3 0.158050537109375
4 0.158050537109375
5 0.158050537109375
6 0.158050537109375
3 0.158050537109375
4 0.158050537109375
5 0.158050537109375
6 0.158050537109375
3 0.158050537109375
4 0.158050537109375
5 0.158050537109375
6 0.158050537109375
3 0.158050537109375
4 0.158050537109375
5 0.158050537109375
6 0.158050537109375
3 0.158050537109375
4 0.158050537109375
5 0.158050537109375
6 0.158050537109375
3 0.158050537109375
4 0.158050537109375
5 0.158050537109375
6 0.158050537109375
3 0.158050537109375
4 0.158050537109375
5 0.158050537109375
6 0.158050537109375
3 0.158050537109375
4 0.158050537109375
5 0.158050537109375
6 0.158050537109375
3 0.158050537109375
4 0.158050537109375
5 0.158050537109375
6 0.158050537109375
3 0.158050537109375
4 0.158050537109375
5 0.158050537109375
6 0.158050537109375
3 0.158050537109375
4 0.158050537109375
5 0.158050537109375
6 0.158050537109375
3 0.158050537109375
4 0.158050537109375
5 0.158050537109375
6 0.158050537109375
3 0.158050537109375
4 0.158050537109375
5 0.158050537109375
6 0.158050537109375
3 0.158050537109375
4 0.158050537109375
5 0.158050537109375
6 0.158050537109375
3 0.158050537109375
4 0.158050537109375
5 0.158050537109375
6 0.158050537109375
3 0.158050537109375
4 0.158050537109375
5 0.158050537109375
6 0.158050537109375
3 0.158050537109375
4 0.158050537109375
5 0.158050537109375
6 0.158050537109375
3 0.158050537109375
4 0.158050537109375
5 0.158050537109375
6 0.158050537109375
3 0.158050537109375
4 0.158050537109375
5 0.158050537109375
6 0.158050537109375
3 0.158050537109375
4 0.158050537109375
5 0.158050537109375
6 0.158050537109375
3 0.158050537109375
4 0.158050537109375
5 0.158050537109375
6 0.158050537109375
3 0.158050537109375
4 0.158050537109375
5 0.158050537109375
6 0.158050537109375
3 0.158050537109375
4 0.158050537109375
5 0.158050537109375
6 0.158050537109375
3 0.158050537109375
4 0.158050537109375
5 0.158050537109375
6 0.158050537109375
3 0.158050537109375
4 0.158050537109375
5 0.158050537109375
6 0.158050537109375
3 0.158050537109375
4 0.158050537109375
5 0.158050537109375
6 0.158050537109375
3 0.158050537109375
4 0.158050537109375
5 0.158050537109375
6 0.158050537109375
3 0.158050537109375
4 0.158050537109375
5 0.158050537109375
6 0.158050537109375
3 0.158050537109375
4 0.158050537109375
5 0.158050537109375
6 0.158050537109375
3 0.158050537109375
4 0.158050537109375
5 0.158050537109375
6 0.158050537109375
3 0.158050537109375
4 0.158050537109375
5 0.158050537109375
6 0.158050537109375
3 0.158050537109375
4 0.158050537109375
5 0.158050537109375
6 0.158050537109375
3 0.158050537109375
4 0.158050537109375
5 0.158050537109375
6 0.158050537109375
3 0.158050537109375
4 0.158050537109375
5 0.158050537109375
6 0.158050537109375
3 0.158050537109375
4 0.158050537109375
5 0.158050537109375
6 0.158050537109375
3 0.158050537109375
4 0.158050537109375
5 0.158050537109375
6 0.158050537109375
3 0.158050537109375
4 0.158050537109375
5 0.158050537109375
6 0.158050537109375
3 0.158050537109375
4 0.158050537109375
5 0.158050537109375
6 0.158050537109375
3 0.158050537109375
4 0.158050537109375
5 0.158050537109375
6 0.158050537109375
3 0.158050537109375
4 0.158050537109375
5 0.158050537109375
6 0.158050537109375
3 0.158050537109375
4 0.158050537109375
5 0.158050537109375
6 0.158050537109375
3 0.158050537109375
4 0.158050537109375
5 0.158050537109375
6 0.158050537109375
3 0.158050537109375
4 0.158050537109375
5 0.158050537109375
6 0.158050537109375
3 0.158050537109375
4 0.158050537109375
5 0.158050537109375
6 0.158050537109375
3 0.158050537109375
4 0.158050537109375
5 0.158050537109375
6 0.158050537109375
3 0.158050537109375
4 0.158050537109375
5 0.158050537109375
6 0.158050537109375
3 0.158050537109375
4 0.158050537109375
5 0.158050537109375
6 0.158050537109375
3 0.158050537109375
4 0.158050537109375
5 0.158050537109375
6 0.158050537109375
3 0.158050537109375
4 0.158050537109375
5 0.158050537109375
6 0.158050537109375
3 0.158050537109375
4 0.158050537109375
5 0.158050537109375
6 0.158050537109375
3 0.158050537109375
4 0.158050537109375
5 0.158050537109375
6 0.158050537109375
3 0.158050537109375
4 0.158050537109375
5 0.158050537109375
6 0.158050537109375
3 0.158050537109375
4 0.158050537109375
5 0.158050537109375
6 0.158050537109375
3 0.158050537109375
4 0.158050537109375
5 0.158050537109375
6 0.158050537109375
3 0.158050537109375
4 0.158050537109375
5 0.158050537109375
6 0.158050537109375
3 0.158050537109375
4 0.158050537109375
5 0.158050537109375
6 0.158050537109375
3 0.158050537109375
4 0.158050537109375
5 0.158050537109375
6 0.158050537109375
3 0.158050537109375
4 0.158050537109375
5 0.158050537109375
6 0.158050537109375
3 0.158050537109375
4 0.158050537109375
5 0.158050537109375
6 0.158050537109375
3 0.158050537109375
4 0.158050537109375
5 0.158050537109375
6 0.158050537109375
3 0.158050537109375
4 0.158050537109375
5 0.158050537109375
6 0.158050537109375
3 0.158050537109375
4 0.158050537109375
5 0.158050537109375
6 0.158050537109375
3 0.158050537109375
4 0.158050537109375
5 0.158050537109375
6 0.158050537109375
3 0.158050537109375
4 0.158050537109375
5 0.158050537109375
6 0.158050537109375
3 0.158050537109375
4 0.158050537109375
5 0.158050537109375
6 0.158050537109375
3 0.158050537109375
4 0.158050537109375
5 0.158050537109375
6 0.158050537109375
3 0.158050537109375
4 0.158050537109375
5 0.158050537109375
6 0.158050537109375
3 0.158050537109375
4 0.158050537109375
5 0.158050537109375
6 0.158050537109375
3 0.158050537109375
4 0.158050537109375
5 0.158050537109375
6 0.158050537109375
3 0.158050537109375
4 0.158050537109375
5 0.158050537109375
6 0.158050537109375
3 0.158050537109375
4 0.158050537109375
5 0.158050537109375
6 0.158050537109375
3 0.158050537109375
4 0.158050537109375
5 0.158050537109375
6 0.158050537109375
3 0.158050537109375
4 0.158050537109375
5 0.158050537109375
6 0.158050537109375
3 0.158050537109375
4 0.158050537109375
5 0.158050537109375
6 0.158050537109375
3 0.158050537109375
4 0.158050537109375
5 0.158050537109375
6 0.158050537109375
3 0.158050537109375
4 0.158050537109375
5 0.158050537109375
6 0.158050537109375
3 0.158050537109375
4 0.158050537109375
5 0.158050537109375
6 0.158050537109375
3 0.158050537109375
4 0.158050537109375
5 0.158050537109375
6 0.158050537109375
3 0.158050537109375
4 0.15805435180664062
5 0.15805435180664062
6 0.15805435180664062
3 0.15805435180664062
4 0.15805435180664062
5 0.15805435180664062
6 0.15805435180664062
3 0.15805435180664062
4 0.15805435180664062
5 0.15805435180664062
6 0.15805435180664062
3 0.15805435180664062
4 0.15805435180664062
5 0.15805435180664062
6 0.15805435180664062
3 0.15805435180664062
4 0.15805435180664062
5 0.15805435180664062
6 0.15805435180664062
3 0.15805435180664062
4 0.15805435180664062
5 0.15805435180664062
6 0.15805435180664062
3 0.15805435180664062
4 0.15805435180664062
5 0.15805435180664062
6 0.15805435180664062
3 0.15805435180664062
4 0.15805435180664062
5 0.15805435180664062
6 0.15805435180664062
3 0.15805435180664062
4 0.15805435180664062
5 0.15805435180664062
6 0.15805435180664062
3 0.15805435180664062
4 0.15805435180664062
5 0.15805435180664062
6 0.15805435180664062
3 0.15805435180664062
4 0.15805435180664062
5 0.15805435180664062
6 0.15805435180664062
3 0.15805435180664062
4 0.15805435180664062
5 0.15805435180664062
6 0.15805435180664062
3 0.15805435180664062
4 0.15805435180664062
5 0.15805435180664062
6 0.15805435180664062
3 0.15805435180664062
4 0.15805435180664062
5 0.15805435180664062
6 0.15805435180664062
3 0.15805435180664062
4 0.15805435180664062
5 0.15805435180664062
6 0.15805435180664062
3 0.15805435180664062
4 0.15805435180664062
5 0.15805435180664062
6 0.15805435180664062
3 0.15805435180664062
4 0.15805435180664062
5 0.15805435180664062
6 0.15805435180664062
3 0.15805435180664062
4 0.15805435180664062
5 0.15805435180664062
6 0.15805435180664062
3 0.15805435180664062
4 0.15805435180664062
5 0.15805435180664062
6 0.15805435180664062
3 0.15805435180664062
4 0.15805435180664062
5 0.15805435180664062
6 0.15805435180664062
3 0.15805435180664062
4 0.15805435180664062
5 0.15805435180664062
6 0.15805435180664062
3 0.15805435180664062
4 0.15805435180664062
5 0.15805435180664062
6 0.15805435180664062
3 0.15805435180664062
4 0.15805435180664062
5 0.15805435180664062
6 0.15805435180664062
3 0.15805435180664062
4 0.15805435180664062
5 0.15805435180664062
6 0.15805435180664062
3 0.15805435180664062
4 0.15805435180664062
5 0.15805435180664062
6 0.15805435180664062
3 0.15805435180664062
4 0.15805435180664062
5 0.15805435180664062
6 0.15805435180664062
3 0.15805435180664062
4 0.15805435180664062
5 0.15805435180664062
6 0.15805435180664062
3 0.15805435180664062
4 0.15805435180664062
5 0.15805435180664062
6 0.15805435180664062
3 0.15805435180664062
4 0.15805435180664062
5 0.15805435180664062
6 0.15805435180664062
3 0.15805435180664062
4 0.15805435180664062
5 0.15805435180664062
6 0.15805435180664062
3 0.15805435180664062
4 0.15805435180664062
5 0.15805435180664062
6 0.15805435180664062
3 0.15805435180664062
4 0.15805435180664062
5 0.15805435180664062
6 0.15805435180664062
3 0.15805435180664062
4 0.15805435180664062
5 0.15805435180664062
6 0.15805435180664062
3 0.15805435180664062
4 0.15805435180664062
5 0.15805435180664062
6 0.15805435180664062
3 0.15805435180664062
4 0.15805435180664062
5 0.15805435180664062
6 0.15805435180664062
3 0.15805435180664062
4 0.15805435180664062
5 0.15805435180664062
6 0.15805435180664062
3 0.15805435180664062
4 0.15805435180664062
5 0.15805435180664062
6 0.15805435180664062
3 0.15805435180664062
4 0.15805435180664062
5 0.15805435180664062
6 0.15805435180664062
3 0.15805435180664062
4 0.15805435180664062
5 0.15805435180664062
6 0.15805435180664062
3 0.15805435180664062
4 0.15805435180664062
5 0.15805435180664062
6 0.15805435180664062
3 0.15805435180664062
4 0.15805435180664062
5 0.15805435180664062
6 0.15805435180664062
3 0.15805435180664062
4 0.15805435180664062
5 0.15805435180664062
6 0.15805435180664062
3 0.15805435180664062
4 0.15805435180664062
5 0.15805435180664062
6 0.15805435180664062
3 0.15805435180664062
4 0.15805435180664062
5 0.15805435180664062
6 0.15805435180664062
3 0.15805435180664062
4 0.15805435180664062
5 0.15805435180664062
6 0.15805435180664062
3 0.15805435180664062
4 0.15805435180664062
5 0.15805435180664062
6 0.15805435180664062
3 0.15805435180664062
4 0.15805435180664062
5 0.15805435180664062
6 0.15805435180664062
3 0.15805435180664062
4 0.15805435180664062
5 0.15805435180664062
6 0.15805435180664062
3 0.15805435180664062
4 0.15805435180664062
5 0.15805435180664062
6 0.15805435180664062
3 0.15805435180664062
4 0.15805435180664062
5 0.15805435180664062
6 0.15805435180664062
3 0.15805435180664062
4 0.15805435180664062
5 0.15805435180664062
6 0.15805435180664062
3 0.15805435180664062
4 0.15805435180664062
5 0.15805435180664062
6 0.15805435180664062
3 0.15805435180664062
4 0.15805435180664062
5 0.15805435180664062
6 0.15805435180664062
3 0.15805435180664062
4 0.15805435180664062
5 0.15805435180664062
6 0.15805435180664062
3 0.15805435180664062
4 0.15805435180664062
5 0.15805435180664062
6 0.15805435180664062
3 0.15805435180664062
4 0.15805435180664062
5 0.15805435180664062
6 0.15805435180664062
3 0.15805435180664062
4 0.15805435180664062
5 0.15805435180664062
6 0.15805435180664062
3 0.15805435180664062
4 0.15805435180664062
5 0.15805435180664062
6 0.15805435180664062
3 0.15805435180664062
4 0.15805435180664062
5 0.15805435180664062
6 0.15805435180664062
3 0.15805435180664062
4 0.15805435180664062
5 0.15805435180664062
6 0.15805435180664062
3 0.15805435180664062
4 0.15805435180664062
5 0.15805435180664062
6 0.15805435180664062
3 0.15805435180664062
4 0.15805435180664062
5 0.15805435180664062
6 0.15805435180664062
3 0.15805435180664062
4 0.15805435180664062
5 0.15805435180664062
6 0.15805435180664062
3 0.15805435180664062
4 0.15805435180664062
5 0.15805435180664062
6 0.15805435180664062
3 0.15805435180664062
4 0.15805435180664062
5 0.15805435180664062
6 0.15805435180664062
3 0.15805435180664062
4 0.15805435180664062
5 0.15805435180664062
6 0.15805435180664062
3 0.15805435180664062
4 0.15805435180664062
5 0.15805435180664062
6 0.15805435180664062
3 0.15805435180664062
4 0.15805435180664062
5 0.15805435180664062
6 0.15805435180664062
3 0.15805435180664062
4 0.15805435180664062
5 0.15805435180664062
6 0.15805435180664062
3 0.15805435180664062
4 0.15805435180664062
5 0.15805435180664062
6 0.15805435180664062
3 0.15805435180664062
4 0.15805435180664062
5 0.15805435180664062
6 0.15805435180664062
3 0.15805435180664062
4 0.15805435180664062
5 0.15805435180664062
6 0.15805435180664062
3 0.15805435180664062
4 0.15805435180664062
5 0.15805435180664062
6 0.15805435180664062
3 0.15805435180664062
4 0.15805435180664062
5 0.15805435180664062
6 0.15805435180664062
3 0.15805435180664062
4 0.15805435180664062
5 0.15805435180664062
6 0.15805435180664062
3 0.15805435180664062
4 0.15805435180664062
5 0.15805435180664062
6 0.15805435180664062
3 0.15805435180664062
4 0.15805435180664062
5 0.15805435180664062
6 0.15805435180664062
3 0.15805435180664062
4 0.15805435180664062
5 0.15805435180664062
6 0.15805435180664062
3 0.15805435180664062
4 0.15805435180664062
5 0.15805435180664062
6 0.15805435180664062
3 0.15805435180664062
4 0.15805435180664062
5 0.15805435180664062
6 0.15805435180664062
3 0.15805435180664062
4 0.15805435180664062
5 0.15805435180664062
6 0.15805435180664062
3 0.15805435180664062
4 0.15805435180664062
5 0.15805435180664062
6 0.15805435180664062
3 0.15805435180664062
4 0.15805435180664062
5 0.15805435180664062
6 0.15805435180664062
3 0.15805435180664062
4 0.15805435180664062
5 0.15805435180664062
6 0.15805435180664062
3 0.15805435180664062
4 0.15805435180664062
5 0.15805435180664062
6 0.15805435180664062
3 0.15805435180664062
4 0.15805435180664062
5 0.15805435180664062
6 0.15805435180664062
3 0.15805435180664062
4 0.15805435180664062
5 0.15805435180664062
6 0.15805435180664062
3 0.15805435180664062
4 0.15805435180664062
5 0.15805435180664062
6 0.15805435180664062
3 0.15805435180664062
4 0.15805435180664062
5 0.15805435180664062
6 0.15805435180664062
3 0.15805435180664062
4 0.15805435180664062
5 0.15805435180664062
6 0.15805435180664062
3 0.15805435180664062
4 0.15805435180664062
5 0.15805435180664062
6 0.15805435180664062
3 0.15805435180664062
4 0.15805435180664062
5 0.15805435180664062
6 0.15805435180664062
3 0.15805435180664062
4 0.15805435180664062
5 0.15805435180664062
6 0.15805435180664062
3 0.15805435180664062
4 0.15805435180664062
5 0.15805435180664062
6 0.15805435180664062
3 0.15805435180664062
4 0.15805435180664062
5 0.15805435180664062
6 0.15805435180664062
3 0.15805435180664062
4 0.15805435180664062
5 0.15805435180664062
6 0.15805435180664062
3 0.15805435180664062
4 0.15805435180664062
5 0.15805435180664062
6 0.15805435180664062
3 0.15805435180664062
4 0.15805435180664062
5 0.15805435180664062
6 0.15805435180664062
3 0.15805435180664062
4 0.15805435180664062
5 0.15805435180664062
6 0.15805435180664062
3 0.15805435180664062
4 0.15805435180664062
5 0.15805435180664062
6 0.15805435180664062
3 0.15805435180664062
4 0.15805435180664062
5 0.15805435180664062
6 0.15805435180664062
3 0.15805435180664062
4 0.15805435180664062
5 0.15805435180664062
6 0.15805435180664062
3 0.15805435180664062
4 0.15805816650390625
5 0.15805816650390625
6 0.15805816650390625
3 0.15805816650390625
4 0.15805816650390625
5 0.15805816650390625
6 0.15805816650390625
3 0.15805816650390625
4 0.15805816650390625
5 0.15805816650390625
6 0.15805816650390625
3 0.15805816650390625
4 0.15805816650390625
5 0.15805816650390625
6 0.15805816650390625
3 0.15805816650390625
4 0.15805816650390625
5 0.15805816650390625
6 0.15805816650390625
3 0.15805816650390625
4 0.15805816650390625
5 0.15805816650390625
6 0.15805816650390625
3 0.15805816650390625
4 0.15805816650390625
5 0.15805816650390625
6 0.15805816650390625
3 0.15805816650390625
4 0.15805816650390625
5 0.15805816650390625
6 0.15805816650390625
3 0.15805816650390625
4 0.15805816650390625
5 0.15805816650390625
6 0.15805816650390625
3 0.15805816650390625
4 0.15805816650390625
5 0.15805816650390625
6 0.15805816650390625
3 0.15805816650390625
4 0.15805816650390625
5 0.15805816650390625
6 0.15805816650390625
3 0.15805816650390625
4 0.15805816650390625
5 0.15805816650390625
6 0.15805816650390625
3 0.15805816650390625
4 0.15805816650390625
5 0.15805816650390625
6 0.15805816650390625
3 0.15805816650390625
4 0.15805816650390625
5 0.15805816650390625
6 0.15805816650390625
3 0.15805816650390625
4 0.15805816650390625
5 0.15805816650390625
6 0.15805816650390625
3 0.15805816650390625
4 0.15805816650390625
5 0.15805816650390625
6 0.15805816650390625
