==========================================
SLURM_JOB_ID = 9472403
SLURM_SUBMIT_DIR = /home/qhaomin/PF_rep/src
SLURM_JOB_NODELIST = mcn53
==========================================
1 0.13963699340820312
2 0.14151382446289062
2.1918091773986816
3 0.14177322387695312
4 0.14698410034179688
5 0.14829254150390625
6 0.14829254150390625
3 0.14829254150390625
4 0.15077590942382812
5 0.15077590942382812
6 0.15077590942382812
3 0.15077590942382812
4 0.15319442749023438
5 0.15319442749023438
6 0.15319442749023438
3 0.15319442749023438
4 0.15570068359375
5 0.15570068359375
6 0.15570068359375
3 0.15570068359375
4 0.15571975708007812
5 0.15572357177734375
6 0.15572357177734375
3 0.15572357177734375
4 0.15604019165039062
5 0.15604019165039062
6 0.15604019165039062
3 0.15604019165039062
4 0.1584014892578125
5 0.15842437744140625
6 0.15842437744140625
3 0.15842437744140625
4 0.15843582153320312
5 0.15843582153320312
6 0.15843582153320312
3 0.15843582153320312
4 0.15843963623046875
5 0.15843963623046875
6 0.15843963623046875
3 0.15843963623046875
4 0.15845489501953125
5 0.15870285034179688
6 0.15870285034179688
3 0.15870285034179688
4 0.15870285034179688
5 0.15870285034179688
6 0.15870285034179688
3 0.15870285034179688
4 0.1587066650390625
5 0.1587066650390625
6 0.1584625244140625
3 0.1584625244140625
4 0.1584625244140625
5 0.1584625244140625
6 0.1584625244140625
3 0.1584625244140625
4 0.1584625244140625
5 0.1584625244140625
6 0.1584625244140625
3 0.1584625244140625
4 0.1584625244140625
5 0.1584625244140625
6 0.1584625244140625
3 0.1584625244140625
4 0.1584625244140625
5 0.1584625244140625
6 0.1584625244140625
3 0.1584625244140625
4 0.1584625244140625
5 0.1584625244140625
6 0.1584625244140625
3 0.1584625244140625
4 0.15846633911132812
5 0.15846633911132812
6 0.15846633911132812
3 0.15846633911132812
4 0.15846633911132812
5 0.15846633911132812
6 0.15846633911132812
3 0.15846633911132812
4 0.15846633911132812
5 0.15846633911132812
6 0.15846633911132812
3 0.15846633911132812
4 0.15846633911132812
5 0.15846633911132812
6 0.15846633911132812
3 0.15846633911132812
4 0.15822219848632812
5 0.15822219848632812
6 0.15822219848632812
3 0.15822219848632812
4 0.15822219848632812
5 0.15822219848632812
6 0.15822219848632812
3 0.15822219848632812
4 0.15822219848632812
5 0.15822219848632812
6 0.15822219848632812
3 0.15822219848632812
4 0.15822219848632812
5 0.15822219848632812
6 0.15822219848632812
3 0.15822219848632812
4 0.15822219848632812
5 0.15822219848632812
6 0.15822219848632812
3 0.15822219848632812
4 0.15822219848632812
5 0.15822219848632812
6 0.15822219848632812
3 0.15822219848632812
4 0.15822219848632812
5 0.15822219848632812
6 0.15822219848632812
3 0.15822219848632812
4 0.15822219848632812
5 0.15822219848632812
6 0.15822219848632812
3 0.15822219848632812
4 0.15822219848632812
5 0.1582183837890625
6 0.1582183837890625
3 0.1582183837890625
4 0.1582183837890625
5 0.1582183837890625
6 0.1582183837890625
3 0.1582183837890625
4 0.1582183837890625
5 0.1582183837890625
6 0.15822601318359375
3 0.15822601318359375
4 0.15822601318359375
5 0.15822601318359375
6 0.15822601318359375
3 0.15822601318359375
4 0.15822601318359375
5 0.15822601318359375
6 0.15822601318359375
3 0.15822601318359375
4 0.15822601318359375
5 0.15822601318359375
6 0.15822601318359375
3 0.15822601318359375
4 0.15822601318359375
5 0.15822601318359375
6 0.15822601318359375
3 0.15822601318359375
4 0.15822982788085938
5 0.15822982788085938
6 0.15822982788085938
3 0.15822982788085938
4 0.15822982788085938
5 0.15822982788085938
6 0.15822982788085938
3 0.15822982788085938
4 0.158233642578125
5 0.158233642578125
6 0.158233642578125
3 0.158233642578125
4 0.158233642578125
5 0.158233642578125
6 0.158233642578125
3 0.158233642578125
4 0.158233642578125
5 0.158233642578125
6 0.158233642578125
3 0.158233642578125
4 0.158233642578125
5 0.158233642578125
6 0.158233642578125
3 0.158233642578125
4 0.158233642578125
5 0.158233642578125
6 0.158233642578125
3 0.158233642578125
4 0.158233642578125
5 0.158233642578125
6 0.158233642578125
3 0.158233642578125
4 0.158233642578125
5 0.158233642578125
6 0.158233642578125
3 0.158233642578125
4 0.158233642578125
5 0.158233642578125
6 0.158233642578125
3 0.158233642578125
4 0.158233642578125
5 0.158233642578125
6 0.158233642578125
3 0.158233642578125
4 0.158233642578125
5 0.158233642578125
6 0.158233642578125
3 0.158233642578125
4 0.158233642578125
5 0.158233642578125
6 0.158233642578125
3 0.158233642578125
4 0.158233642578125
5 0.158233642578125
6 0.158233642578125
3 0.158233642578125
4 0.158233642578125
5 0.158233642578125
6 0.158233642578125
3 0.158233642578125
4 0.158233642578125
5 0.158233642578125
6 0.158233642578125
3 0.158233642578125
4 0.158233642578125
5 0.158233642578125
6 0.158233642578125
3 0.158233642578125
4 0.158233642578125
5 0.158233642578125
6 0.158233642578125
3 0.158233642578125
4 0.158233642578125
5 0.158233642578125
6 0.158233642578125
3 0.158233642578125
4 0.158233642578125
5 0.158233642578125
6 0.158233642578125
3 0.158233642578125
4 0.158233642578125
5 0.158233642578125
6 0.158233642578125
3 0.158233642578125
4 0.158233642578125
5 0.158233642578125
6 0.158233642578125
3 0.158233642578125
4 0.158233642578125
5 0.158233642578125
6 0.158233642578125
3 0.158233642578125
4 0.158233642578125
5 0.158233642578125
6 0.158233642578125
3 0.158233642578125
4 0.158233642578125
5 0.158233642578125
6 0.158233642578125
3 0.158233642578125
4 0.158233642578125
5 0.158233642578125
6 0.158233642578125
3 0.158233642578125
4 0.158233642578125
5 0.158233642578125
6 0.158233642578125
3 0.158233642578125
4 0.158233642578125
5 0.158233642578125
6 0.158233642578125
3 0.158233642578125
4 0.158233642578125
5 0.158233642578125
6 0.158233642578125
3 0.158233642578125
4 0.158233642578125
5 0.158233642578125
6 0.158233642578125
3 0.158233642578125
4 0.158233642578125
5 0.158233642578125
6 0.158233642578125
3 0.158233642578125
4 0.158233642578125
5 0.158233642578125
6 0.158233642578125
3 0.158233642578125
4 0.158233642578125
5 0.158233642578125
6 0.158233642578125
3 0.158233642578125
4 0.158233642578125
5 0.158233642578125
6 0.158233642578125
3 0.158233642578125
4 0.158233642578125
5 0.158233642578125
6 0.158233642578125
3 0.158233642578125
4 0.158233642578125
5 0.158233642578125
6 0.158233642578125
3 0.158233642578125
4 0.158233642578125
5 0.158233642578125
6 0.158233642578125
3 0.158233642578125
4 0.158233642578125
5 0.158233642578125
6 0.158233642578125
3 0.158233642578125
4 0.158233642578125
5 0.158233642578125
6 0.158233642578125
3 0.158233642578125
4 0.158233642578125
5 0.158233642578125
6 0.158233642578125
3 0.158233642578125
4 0.158233642578125
5 0.158233642578125
6 0.158233642578125
3 0.158233642578125
4 0.158233642578125
5 0.158233642578125
6 0.158233642578125
3 0.158233642578125
4 0.158233642578125
5 0.158233642578125
6 0.158233642578125
3 0.158233642578125
4 0.158233642578125
5 0.158233642578125
6 0.158233642578125
3 0.158233642578125
4 0.158233642578125
5 0.158233642578125
6 0.158233642578125
3 0.158233642578125
4 0.158233642578125
5 0.158233642578125
6 0.158233642578125
3 0.158233642578125
4 0.15823745727539062
5 0.15823745727539062
6 0.15823745727539062
3 0.15823745727539062
4 0.15823745727539062
5 0.15823745727539062
6 0.15823745727539062
3 0.15823745727539062
4 0.15823745727539062
5 0.15823745727539062
6 0.15823745727539062
3 0.15823745727539062
4 0.15823745727539062
5 0.15823745727539062
6 0.15823745727539062
3 0.15823745727539062
4 0.15823745727539062
5 0.15823745727539062
6 0.15823745727539062
3 0.15823745727539062
4 0.15823745727539062
5 0.15823745727539062
6 0.15823745727539062
3 0.15823745727539062
4 0.15823745727539062
5 0.15823745727539062
6 0.15823745727539062
3 0.15823745727539062
4 0.15823745727539062
5 0.15823745727539062
6 0.15823745727539062
3 0.15823745727539062
4 0.15823745727539062
5 0.15823745727539062
6 0.15823745727539062
3 0.15823745727539062
4 0.15823745727539062
5 0.15823745727539062
6 0.15823745727539062
3 0.15823745727539062
4 0.15823745727539062
5 0.15823745727539062
6 0.15823745727539062
3 0.15823745727539062
4 0.15823745727539062
5 0.15823745727539062
6 0.15823745727539062
3 0.15823745727539062
4 0.15823745727539062
5 0.15823745727539062
6 0.15823745727539062
3 0.15823745727539062
4 0.15823745727539062
5 0.15823745727539062
6 0.15823745727539062
3 0.15823745727539062
4 0.15823745727539062
5 0.15823745727539062
6 0.15823745727539062
3 0.15823745727539062
4 0.15823745727539062
5 0.15823745727539062
6 0.15823745727539062
3 0.15823745727539062
4 0.15823745727539062
5 0.15823745727539062
6 0.15823745727539062
3 0.15823745727539062
4 0.15823745727539062
5 0.15823745727539062
6 0.15823745727539062
3 0.15823745727539062
4 0.15823745727539062
5 0.15823745727539062
6 0.15823745727539062
3 0.15823745727539062
4 0.15823745727539062
5 0.15823745727539062
6 0.15823745727539062
3 0.15823745727539062
4 0.15823745727539062
5 0.15823745727539062
6 0.15823745727539062
3 0.15823745727539062
4 0.15823745727539062
5 0.15823745727539062
6 0.15823745727539062
3 0.15823745727539062
4 0.15823745727539062
5 0.15823745727539062
6 0.15823745727539062
3 0.15823745727539062
4 0.15823745727539062
5 0.15823745727539062
6 0.15823745727539062
3 0.15823745727539062
4 0.15823745727539062
5 0.15823745727539062
6 0.15823745727539062
3 0.15823745727539062
4 0.15823745727539062
5 0.15823745727539062
6 0.15823745727539062
3 0.15823745727539062
4 0.15823745727539062
5 0.15823745727539062
6 0.15823745727539062
3 0.15823745727539062
4 0.15823745727539062
5 0.15823745727539062
6 0.15823745727539062
3 0.15823745727539062
4 0.15823745727539062
5 0.15823745727539062
6 0.15823745727539062
3 0.15823745727539062
4 0.15823745727539062
5 0.15823745727539062
6 0.15823745727539062
3 0.15823745727539062
4 0.15824127197265625
5 0.15824127197265625
6 0.15824127197265625
3 0.15824127197265625
4 0.15824127197265625
5 0.15824127197265625
6 0.15824127197265625
3 0.15824127197265625
4 0.15824127197265625
5 0.15824127197265625
6 0.15824127197265625
3 0.15824127197265625
4 0.15824127197265625
5 0.15824127197265625
6 0.15824127197265625
3 0.15824127197265625
4 0.15824127197265625
5 0.15824127197265625
6 0.15824127197265625
3 0.15824127197265625
4 0.15824127197265625
5 0.15824127197265625
6 0.15824127197265625
3 0.15824127197265625
4 0.15824127197265625
5 0.15824127197265625
6 0.15824127197265625
3 0.15824127197265625
4 0.15824127197265625
5 0.15824127197265625
6 0.15824127197265625
3 0.15824127197265625
4 0.15824127197265625
5 0.15824127197265625
6 0.15824127197265625
3 0.15824127197265625
4 0.15824127197265625
5 0.15824127197265625
6 0.15824127197265625
3 0.15824127197265625
4 0.15824127197265625
5 0.15824127197265625
6 0.15824127197265625
3 0.15824127197265625
4 0.15824127197265625
5 0.15824127197265625
6 0.15824127197265625
3 0.15824127197265625
4 0.15824127197265625
5 0.15824127197265625
6 0.15824127197265625
3 0.15824127197265625
4 0.15824127197265625
5 0.15824127197265625
6 0.15824127197265625
3 0.15824127197265625
4 0.15824127197265625
5 0.15824127197265625
6 0.15824127197265625
3 0.15824127197265625
4 0.15824127197265625
5 0.15824127197265625
6 0.15824127197265625
3 0.15824127197265625
4 0.15824127197265625
5 0.15824127197265625
6 0.15824127197265625
3 0.15824127197265625
4 0.15824127197265625
5 0.15824127197265625
6 0.15824127197265625
3 0.15824127197265625
4 0.15824127197265625
5 0.15824127197265625
6 0.15824127197265625
3 0.15824127197265625
4 0.15824127197265625
5 0.15824127197265625
6 0.15824127197265625
3 0.15824127197265625
4 0.15824127197265625
5 0.15824127197265625
6 0.15824127197265625
3 0.15824127197265625
4 0.15824127197265625
5 0.15824127197265625
6 0.15824127197265625
3 0.15824127197265625
4 0.15824127197265625
5 0.15824127197265625
6 0.15824127197265625
3 0.15824127197265625
4 0.15824127197265625
5 0.15824127197265625
6 0.15824127197265625
3 0.15824127197265625
4 0.15824508666992188
5 0.15824508666992188
6 0.15824508666992188
3 0.15824508666992188
4 0.15824508666992188
5 0.15824508666992188
6 0.15824508666992188
3 0.15824508666992188
4 0.15824508666992188
5 0.15824508666992188
6 0.15824508666992188
3 0.15824508666992188
4 0.15824508666992188
5 0.15824508666992188
6 0.15824508666992188
3 0.15824508666992188
4 0.15824508666992188
5 0.15824508666992188
6 0.15824508666992188
3 0.15824508666992188
4 0.15824508666992188
5 0.15824508666992188
6 0.15824508666992188
3 0.15824508666992188
4 0.15824508666992188
5 0.15824508666992188
6 0.15824508666992188
3 0.15824508666992188
4 0.15824508666992188
5 0.15824508666992188
6 0.15824508666992188
3 0.15824508666992188
4 0.15824508666992188
5 0.15824508666992188
6 0.15824508666992188
3 0.15824508666992188
4 0.15824508666992188
5 0.15824508666992188
6 0.15824508666992188
3 0.15824508666992188
4 0.15824508666992188
5 0.15824508666992188
6 0.15824508666992188
3 0.15824508666992188
4 0.15824508666992188
5 0.15824508666992188
6 0.15824508666992188
3 0.15824508666992188
4 0.15824508666992188
5 0.15824508666992188
6 0.15824508666992188
3 0.15824508666992188
4 0.15824508666992188
5 0.15824508666992188
6 0.15824508666992188
3 0.15824508666992188
4 0.1582489013671875
5 0.1582489013671875
6 0.1582489013671875
3 0.1582489013671875
4 0.1582489013671875
5 0.1582489013671875
6 0.1582489013671875
3 0.1582489013671875
4 0.1582489013671875
5 0.1582489013671875
6 0.1582489013671875
3 0.1582489013671875
4 0.1582489013671875
5 0.1582489013671875
6 0.1582489013671875
3 0.1582489013671875
4 0.1582489013671875
5 0.1582489013671875
6 0.1582489013671875
3 0.1582489013671875
4 0.1582489013671875
5 0.1582489013671875
6 0.1582489013671875
3 0.1582489013671875
4 0.1582489013671875
5 0.1582489013671875
6 0.1582489013671875
3 0.1582489013671875
4 0.1582489013671875
5 0.1582489013671875
6 0.1582489013671875
3 0.1582489013671875
4 0.1582489013671875
5 0.1582489013671875
6 0.1582489013671875
3 0.1582489013671875
4 0.1582489013671875
5 0.1582489013671875
6 0.1582489013671875
3 0.1582489013671875
4 0.1582489013671875
5 0.1582489013671875
6 0.1582489013671875
3 0.1582489013671875
4 0.15825271606445312
5 0.15825271606445312
6 0.15825271606445312
3 0.15825271606445312
4 0.15825271606445312
5 0.15825271606445312
6 0.15825271606445312
3 0.15825271606445312
4 0.15825271606445312
5 0.15825271606445312
6 0.15825271606445312
3 0.15825271606445312
4 0.15825271606445312
5 0.15825271606445312
6 0.15825271606445312
3 0.15825271606445312
4 0.15825271606445312
5 0.15825271606445312
6 0.15825271606445312
3 0.15825271606445312
4 0.15825271606445312
5 0.15825271606445312
6 0.15825271606445312
3 0.15825271606445312
4 0.15825271606445312
5 0.15825271606445312
6 0.15825271606445312
3 0.15825271606445312
4 0.15825271606445312
5 0.15825271606445312
6 0.15825271606445312
3 0.15825271606445312
4 0.15825271606445312
5 0.15825271606445312
6 0.15825271606445312
3 0.15825271606445312
4 0.15825271606445312
5 0.15825271606445312
6 0.15825271606445312
3 0.15825271606445312
4 0.15825271606445312
5 0.15825271606445312
6 0.15825271606445312
3 0.15825271606445312
4 0.15825271606445312
5 0.15825271606445312
6 0.15825271606445312
3 0.15825271606445312
4 0.15825271606445312
5 0.15825271606445312
6 0.15825271606445312
3 0.15825271606445312
4 0.15825271606445312
5 0.15825271606445312
6 0.15825271606445312
3 0.15825271606445312
4 0.15825271606445312
5 0.15825271606445312
6 0.15825271606445312
3 0.15825271606445312
4 0.15825271606445312
5 0.15825271606445312
6 0.15825271606445312
3 0.15825271606445312
4 0.15825271606445312
5 0.15825271606445312
6 0.15825271606445312
3 0.15825271606445312
4 0.15825271606445312
5 0.15825271606445312
6 0.15825271606445312
3 0.15825271606445312
4 0.15825271606445312
5 0.15825271606445312
6 0.15825271606445312
3 0.15825271606445312
4 0.15825271606445312
5 0.15825271606445312
6 0.15825271606445312
3 0.15825271606445312
4 0.15825271606445312
5 0.15825271606445312
6 0.15825271606445312
3 0.15825271606445312
4 0.15825271606445312
5 0.15825271606445312
6 0.15825271606445312
3 0.15825271606445312
4 0.15825271606445312
5 0.15825271606445312
6 0.15825271606445312
3 0.15825271606445312
4 0.15825271606445312
5 0.15825271606445312
6 0.15825271606445312
3 0.15825271606445312
4 0.15825271606445312
5 0.15825271606445312
6 0.15825271606445312
3 0.15825271606445312
4 0.15825271606445312
5 0.15825271606445312
6 0.15825271606445312
3 0.15825271606445312
4 0.15825271606445312
5 0.15825271606445312
6 0.15825271606445312
3 0.15825271606445312
4 0.15825271606445312
5 0.15825271606445312
6 0.15825271606445312
3 0.15825271606445312
4 0.15825271606445312
5 0.15825271606445312
6 0.15825271606445312
3 0.15825271606445312
4 0.15825271606445312
5 0.15825271606445312
6 0.15825271606445312
3 0.15825271606445312
4 0.15825271606445312
5 0.15825271606445312
6 0.15825271606445312
3 0.15825271606445312
4 0.15825271606445312
5 0.15825271606445312
6 0.15825271606445312
3 0.15825271606445312
4 0.15825271606445312
5 0.15825271606445312
6 0.15825271606445312
3 0.15825271606445312
4 0.15825271606445312
5 0.15825271606445312
6 0.15825271606445312
3 0.15825271606445312
4 0.15825271606445312
5 0.15825271606445312
6 0.15825271606445312
3 0.15825271606445312
4 0.15825271606445312
5 0.15825271606445312
6 0.15825271606445312
3 0.15825271606445312
4 0.15825271606445312
5 0.15825271606445312
6 0.15825271606445312
3 0.15825271606445312
4 0.15825271606445312
5 0.15825271606445312
6 0.15825271606445312
3 0.15825271606445312
4 0.15825271606445312
5 0.15825271606445312
6 0.15825271606445312
3 0.15825271606445312
4 0.15825271606445312
5 0.15825271606445312
6 0.15825271606445312
3 0.15825271606445312
4 0.15825271606445312
5 0.15825271606445312
6 0.15825271606445312
3 0.15825271606445312
4 0.15825271606445312
5 0.15825271606445312
6 0.15825271606445312
3 0.15825271606445312
4 0.15825271606445312
5 0.15825271606445312
6 0.15825271606445312
3 0.15825271606445312
4 0.15825271606445312
5 0.15825271606445312
6 0.15825271606445312
3 0.15825271606445312
4 0.15825271606445312
5 0.15825271606445312
6 0.15825271606445312
3 0.15825271606445312
4 0.15825271606445312
5 0.15825271606445312
6 0.15825271606445312
3 0.15825271606445312
4 0.15825271606445312
5 0.15825271606445312
6 0.15825271606445312
3 0.15825271606445312
4 0.15825271606445312
5 0.15825271606445312
6 0.15825271606445312
3 0.15825271606445312
4 0.15825271606445312
5 0.15825271606445312
6 0.15825271606445312
3 0.15825271606445312
4 0.15825271606445312
5 0.15825271606445312
6 0.15825271606445312
3 0.15825271606445312
4 0.15825271606445312
5 0.15825271606445312
6 0.15825271606445312
3 0.15825271606445312
4 0.15825271606445312
5 0.15825271606445312
6 0.15825271606445312
3 0.15825271606445312
4 0.15825271606445312
5 0.15825271606445312
6 0.15825271606445312
3 0.15825271606445312
4 0.15825271606445312
5 0.15825271606445312
6 0.15825271606445312
3 0.15825271606445312
4 0.15825271606445312
5 0.15825271606445312
6 0.15825271606445312
3 0.15825271606445312
4 0.15825271606445312
5 0.15825271606445312
6 0.15825271606445312
3 0.15825271606445312
4 0.15825271606445312
5 0.15825271606445312
6 0.15825271606445312
3 0.15825271606445312
4 0.15825271606445312
5 0.15825271606445312
6 0.15825271606445312
3 0.15825271606445312
4 0.15825271606445312
5 0.15825271606445312
6 0.15825271606445312
3 0.15825271606445312
4 0.15825271606445312
5 0.15825271606445312
6 0.15825271606445312
3 0.15825271606445312
4 0.15825271606445312
5 0.15825271606445312
6 0.15825271606445312
3 0.15825271606445312
4 0.15825271606445312
5 0.15825271606445312
6 0.15825271606445312
3 0.15825271606445312
4 0.15825271606445312
5 0.15825271606445312
6 0.15825271606445312
3 0.15825271606445312
4 0.15825271606445312
5 0.15825271606445312
6 0.15825271606445312
3 0.15825271606445312
4 0.15825271606445312
5 0.15825271606445312
6 0.15825271606445312
3 0.15825271606445312
4 0.15825271606445312
5 0.15825271606445312
6 0.15825271606445312
3 0.15825271606445312
4 0.15825271606445312
5 0.15825271606445312
6 0.15825271606445312
3 0.15825271606445312
4 0.15825271606445312
5 0.15825271606445312
6 0.15825271606445312
3 0.15825271606445312
4 0.15825271606445312
5 0.15825271606445312
6 0.15825271606445312
3 0.15825271606445312
4 0.15825271606445312
5 0.15825271606445312
6 0.15825271606445312
3 0.15825271606445312
4 0.15825271606445312
5 0.15825271606445312
6 0.15825271606445312
3 0.15825271606445312
4 0.15825271606445312
5 0.15825271606445312
6 0.15825271606445312
3 0.15825271606445312
4 0.15825271606445312
5 0.15825271606445312
6 0.15825271606445312
3 0.15825271606445312
4 0.15825271606445312
5 0.15825271606445312
6 0.15825271606445312
3 0.15825271606445312
4 0.15825271606445312
5 0.15825271606445312
6 0.15825271606445312
3 0.15825271606445312
4 0.15825271606445312
5 0.15825271606445312
6 0.15825271606445312
3 0.15825271606445312
4 0.15825271606445312
5 0.15825271606445312
6 0.15825271606445312
3 0.15825271606445312
4 0.15825271606445312
5 0.15825271606445312
6 0.15825271606445312
3 0.15825271606445312
4 0.15825271606445312
5 0.15825271606445312
6 0.15825271606445312
3 0.15825271606445312
4 0.15825271606445312
5 0.15825271606445312
6 0.15825271606445312
3 0.15825271606445312
4 0.15825271606445312
5 0.15825271606445312
6 0.15825271606445312
3 0.15825271606445312
4 0.15825271606445312
5 0.15825271606445312
6 0.15825271606445312
3 0.15825271606445312
4 0.15825271606445312
5 0.15825271606445312
6 0.15825271606445312
3 0.15825271606445312
4 0.15825271606445312
5 0.15825271606445312
6 0.15825271606445312
3 0.15825271606445312
4 0.15825271606445312
5 0.15825271606445312
6 0.15825271606445312
3 0.15825271606445312
4 0.15825271606445312
5 0.15825271606445312
6 0.15825271606445312
3 0.15825271606445312
4 0.15825271606445312
5 0.15825271606445312
6 0.15825271606445312
3 0.15825271606445312
4 0.15825271606445312
5 0.15825271606445312
6 0.15825271606445312
3 0.15825271606445312
4 0.15825271606445312
5 0.15825271606445312
6 0.15825271606445312
3 0.15825271606445312
4 0.15825271606445312
5 0.15825271606445312
6 0.15825271606445312
3 0.15825271606445312
4 0.15825271606445312
5 0.15825271606445312
6 0.15825271606445312
3 0.15825271606445312
4 0.15825271606445312
5 0.15825271606445312
6 0.15825271606445312
3 0.15825271606445312
4 0.15825271606445312
5 0.15825271606445312
6 0.15825271606445312
3 0.15825271606445312
4 0.15825271606445312
5 0.15825271606445312
6 0.15825271606445312
3 0.15825271606445312
4 0.15825271606445312
5 0.15825271606445312
6 0.15825271606445312
3 0.15825271606445312
4 0.15825271606445312
5 0.15825271606445312
6 0.15825271606445312
3 0.15825271606445312
4 0.15825271606445312
5 0.15825271606445312
6 0.15825271606445312
3 0.15825271606445312
4 0.15825271606445312
5 0.15825271606445312
6 0.15825271606445312
3 0.15825271606445312
4 0.15825271606445312
5 0.15825271606445312
6 0.15825271606445312
3 0.15825271606445312
4 0.15825271606445312
5 0.15825271606445312
6 0.15825271606445312
3 0.15825271606445312
4 0.15825271606445312
5 0.15825271606445312
6 0.15825271606445312
3 0.15825271606445312
4 0.15825271606445312
5 0.15825271606445312
6 0.15825271606445312
3 0.15825271606445312
4 0.15825271606445312
5 0.15825271606445312
6 0.15825271606445312
3 0.15825271606445312
4 0.15825271606445312
5 0.15825271606445312
6 0.15825271606445312
3 0.15825271606445312
4 0.15825271606445312
5 0.15825271606445312
6 0.15825271606445312
3 0.15825271606445312
4 0.15825271606445312
5 0.15825271606445312
6 0.15825271606445312
3 0.15825271606445312
4 0.15825271606445312
5 0.15825271606445312
6 0.15825271606445312
3 0.15825271606445312
4 0.15825271606445312
5 0.15825271606445312
6 0.15825271606445312
3 0.15825271606445312
4 0.15825271606445312
5 0.15825271606445312
6 0.15825271606445312
3 0.15825271606445312
4 0.15825271606445312
5 0.15825271606445312
6 0.15825271606445312
3 0.15825271606445312
4 0.15825271606445312
5 0.15825271606445312
6 0.15825271606445312
3 0.15825271606445312
4 0.15825271606445312
5 0.15825271606445312
6 0.15825271606445312
3 0.15825271606445312
4 0.15825271606445312
5 0.15825271606445312
6 0.15825271606445312
3 0.15825271606445312
4 0.15825271606445312
5 0.15825271606445312
6 0.15825271606445312
3 0.15825271606445312
4 0.15825271606445312
5 0.15825271606445312
6 0.15825271606445312
3 0.15825271606445312
4 0.15825271606445312
5 0.15825271606445312
6 0.15825271606445312
3 0.15825271606445312
4 0.15825271606445312
5 0.15825271606445312
6 0.15825271606445312
3 0.15825271606445312
4 0.15825271606445312
5 0.15825271606445312
6 0.15825271606445312
3 0.15825271606445312
4 0.15825271606445312
5 0.15825271606445312
6 0.15825271606445312
3 0.15825271606445312
4 0.15825271606445312
5 0.15825271606445312
6 0.15825271606445312
3 0.15825271606445312
4 0.14338302612304688
5 0.14422988891601562
6 0.14422988891601562
