==========================================
SLURM_JOB_ID = 9472400
SLURM_SUBMIT_DIR = /home/qhaomin/PF_rep/src
SLURM_JOB_NODELIST = mcn52
==========================================
1 0.14076995849609375
2 0.14262008666992188
2.4134206771850586
3 0.14286422729492188
4 0.14812469482421875
5 0.149322509765625
6 0.149322509765625
3 0.149322509765625
4 0.15174102783203125
5 0.15174102783203125
6 0.15174102783203125
3 0.15174102783203125
4 0.154144287109375
5 0.154144287109375
6 0.154144287109375
3 0.154144287109375
4 0.15657424926757812
5 0.15657424926757812
6 0.15657424926757812
3 0.15657424926757812
4 0.15900421142578125
5 0.15906906127929688
6 0.15906906127929688
3 0.15906906127929688
4 0.1594696044921875
5 0.1594696044921875
6 0.1594696044921875
3 0.1594696044921875
4 0.1595001220703125
5 0.15951919555664062
6 0.15951919555664062
3 0.15951919555664062
4 0.15952301025390625
5 0.15952301025390625
6 0.15952301025390625
3 0.15952301025390625
4 0.15952301025390625
5 0.15953445434570312
6 0.15953445434570312
3 0.15953445434570312
4 0.15953445434570312
5 0.15953445434570312
6 0.15953445434570312
3 0.15953445434570312
4 0.15953445434570312
5 0.15953445434570312
6 0.15953445434570312
3 0.15953445434570312
4 0.15953826904296875
5 0.15953826904296875
6 0.15953826904296875
3 0.15953826904296875
4 0.15953826904296875
5 0.15953826904296875
6 0.15953826904296875
3 0.15953826904296875
4 0.15953826904296875
5 0.15953826904296875
6 0.15953826904296875
3 0.15953826904296875
4 0.15953826904296875
5 0.15953826904296875
6 0.15953826904296875
3 0.15953826904296875
4 0.15953826904296875
5 0.15953826904296875
6 0.15953826904296875
3 0.15953826904296875
4 0.15954208374023438
5 0.1595611572265625
6 0.15956878662109375
3 0.15956878662109375
4 0.15956878662109375
5 0.15956878662109375
6 0.15956878662109375
3 0.15956878662109375
4 0.15956878662109375
5 0.15956878662109375
6 0.15956878662109375
3 0.15956878662109375
4 0.15956878662109375
5 0.15956878662109375
6 0.15956878662109375
3 0.15956878662109375
4 0.15958023071289062
5 0.15958023071289062
6 0.15958023071289062
3 0.15958023071289062
4 0.15958023071289062
5 0.15958023071289062
6 0.15958023071289062
3 0.15958023071289062
4 0.15958023071289062
5 0.15958023071289062
6 0.15958023071289062
3 0.15958023071289062
4 0.15958023071289062
5 0.15958023071289062
6 0.15958023071289062
3 0.15958023071289062
4 0.15958023071289062
5 0.15958023071289062
6 0.15958023071289062
3 0.15958023071289062
4 0.15958023071289062
5 0.15958023071289062
6 0.15958023071289062
3 0.15958023071289062
4 0.15958023071289062
5 0.15958023071289062
6 0.15958023071289062
3 0.15958023071289062
4 0.15958023071289062
5 0.15958023071289062
6 0.15958023071289062
3 0.15958023071289062
4 0.15958023071289062
5 0.15958023071289062
6 0.15958023071289062
3 0.15958023071289062
4 0.15958023071289062
5 0.15958023071289062
6 0.15958023071289062
3 0.15958023071289062
4 0.15958023071289062
5 0.15958023071289062
6 0.15958023071289062
3 0.15958023071289062
4 0.15958023071289062
5 0.15983200073242188
6 0.15983200073242188
3 0.15983200073242188
4 0.15983200073242188
5 0.15983200073242188
6 0.15983200073242188
3 0.15983200073242188
4 0.15983200073242188
5 0.15983200073242188
6 0.15983200073242188
3 0.15983200073242188
4 0.15983200073242188
5 0.15983200073242188
6 0.15983200073242188
3 0.15983200073242188
4 0.15983200073242188
5 0.15983200073242188
6 0.15983200073242188
3 0.15983200073242188
4 0.15983200073242188
5 0.15983200073242188
6 0.15983200073242188
3 0.15983200073242188
4 0.15983200073242188
5 0.15983200073242188
6 0.15983200073242188
3 0.15983200073242188
4 0.15983200073242188
5 0.15983200073242188
6 0.15983200073242188
3 0.15983200073242188
4 0.15983200073242188
5 0.15983200073242188
6 0.15983200073242188
3 0.15983200073242188
4 0.15983200073242188
5 0.15983200073242188
6 0.15958786010742188
3 0.15958786010742188
4 0.15958786010742188
5 0.15958786010742188
6 0.15958786010742188
3 0.15958786010742188
4 0.15958786010742188
5 0.15958786010742188
6 0.15958786010742188
3 0.15958786010742188
4 0.15958786010742188
5 0.15958786010742188
6 0.15958786010742188
3 0.15958786010742188
4 0.15958786010742188
5 0.15958786010742188
6 0.15958786010742188
3 0.15958786010742188
4 0.15958786010742188
5 0.15958786010742188
6 0.15958786010742188
3 0.15958786010742188
4 0.15958786010742188
5 0.15958786010742188
6 0.15958786010742188
3 0.15958786010742188
4 0.15958786010742188
5 0.15958786010742188
6 0.15958786010742188
3 0.15958786010742188
4 0.15958786010742188
5 0.15958786010742188
6 0.15958786010742188
3 0.15958786010742188
4 0.15958786010742188
5 0.15958786010742188
6 0.15958786010742188
3 0.15958786010742188
4 0.15958786010742188
5 0.15958786010742188
6 0.15958786010742188
3 0.15958786010742188
4 0.15958786010742188
5 0.15958786010742188
6 0.15958786010742188
3 0.15958786010742188
4 0.15958786010742188
5 0.15958786010742188
6 0.15958786010742188
3 0.15958786010742188
4 0.15958786010742188
5 0.15958786010742188
6 0.15958786010742188
3 0.15958786010742188
4 0.15958786010742188
5 0.15958786010742188
6 0.15958786010742188
3 0.15958786010742188
4 0.15958786010742188
5 0.15958786010742188
6 0.15958786010742188
3 0.15958786010742188
4 0.15958786010742188
5 0.15958786010742188
6 0.15958786010742188
3 0.15958786010742188
4 0.15958786010742188
5 0.15958786010742188
6 0.15958786010742188
3 0.15958786010742188
4 0.15958786010742188
5 0.15958786010742188
6 0.15958786010742188
3 0.15958786010742188
4 0.15958786010742188
5 0.15958786010742188
6 0.15958786010742188
3 0.15958786010742188
4 0.15958786010742188
5 0.15958786010742188
6 0.15958786010742188
3 0.15958786010742188
4 0.15958786010742188
5 0.15958786010742188
6 0.15958786010742188
3 0.15958786010742188
4 0.15958786010742188
5 0.15958786010742188
6 0.15958786010742188
3 0.15958786010742188
4 0.15958786010742188
5 0.15958786010742188
6 0.15958786010742188
3 0.15958786010742188
4 0.15958786010742188
5 0.15958786010742188
6 0.15958786010742188
3 0.15958786010742188
4 0.15958786010742188
5 0.15958786010742188
6 0.15958786010742188
3 0.15958786010742188
4 0.15958786010742188
5 0.15958786010742188
6 0.15958786010742188
3 0.15958786010742188
4 0.15958786010742188
5 0.15958786010742188
6 0.15958786010742188
3 0.15958786010742188
4 0.15958786010742188
5 0.15958786010742188
6 0.15958786010742188
3 0.15958786010742188
4 0.15958786010742188
5 0.15958786010742188
6 0.15958786010742188
3 0.15958786010742188
4 0.15958786010742188
5 0.15958786010742188
6 0.15958786010742188
3 0.15958786010742188
4 0.1595916748046875
5 0.1595916748046875
6 0.1595916748046875
3 0.1595916748046875
4 0.1595916748046875
5 0.1595916748046875
6 0.1595916748046875
3 0.1595916748046875
4 0.1595916748046875
5 0.1595916748046875
6 0.1595916748046875
3 0.1595916748046875
4 0.1593475341796875
5 0.1593475341796875
6 0.1593475341796875
3 0.1593475341796875
4 0.1593475341796875
5 0.1593475341796875
6 0.1593475341796875
3 0.1593475341796875
4 0.1593475341796875
5 0.1593475341796875
6 0.1593475341796875
3 0.1593475341796875
4 0.1593475341796875
5 0.1593475341796875
6 0.1593475341796875
3 0.1593475341796875
4 0.1593475341796875
5 0.1593475341796875
6 0.1593475341796875
3 0.1593475341796875
4 0.1593475341796875
5 0.1593475341796875
6 0.1593475341796875
3 0.1593475341796875
4 0.1593475341796875
5 0.1593475341796875
6 0.1593475341796875
3 0.1593475341796875
4 0.1593475341796875
5 0.1593475341796875
6 0.1593475341796875
3 0.1593475341796875
4 0.1593475341796875
5 0.1593475341796875
6 0.1593475341796875
3 0.1593475341796875
4 0.1593475341796875
5 0.1593475341796875
6 0.1593475341796875
3 0.1593475341796875
4 0.1593475341796875
5 0.1593475341796875
6 0.1593475341796875
3 0.1593475341796875
4 0.1593475341796875
5 0.1593475341796875
6 0.1593475341796875
3 0.1593475341796875
4 0.1593475341796875
5 0.1593475341796875
6 0.1593475341796875
3 0.1593475341796875
4 0.1593475341796875
5 0.1593475341796875
6 0.1593475341796875
3 0.1593475341796875
4 0.1593475341796875
5 0.1593475341796875
6 0.1593475341796875
3 0.1593475341796875
4 0.1593475341796875
5 0.1593475341796875
6 0.1593475341796875
3 0.1593475341796875
4 0.1593475341796875
5 0.1593475341796875
6 0.1593475341796875
3 0.1593475341796875
4 0.1593475341796875
5 0.1593475341796875
6 0.1593475341796875
3 0.1593475341796875
4 0.1593475341796875
5 0.1593475341796875
6 0.1593475341796875
3 0.1593475341796875
4 0.1593475341796875
5 0.1593475341796875
6 0.1593475341796875
3 0.1593475341796875
4 0.1593475341796875
5 0.1593475341796875
6 0.1593475341796875
3 0.1593475341796875
4 0.1593475341796875
5 0.1593475341796875
6 0.1593475341796875
3 0.1593475341796875
4 0.1593475341796875
5 0.1593475341796875
6 0.1593475341796875
3 0.1593475341796875
4 0.1593475341796875
5 0.1593475341796875
6 0.1593475341796875
3 0.1593475341796875
4 0.1593475341796875
5 0.1593475341796875
6 0.1593475341796875
3 0.1593475341796875
4 0.1593475341796875
5 0.1593475341796875
6 0.1593475341796875
3 0.1593475341796875
4 0.1593475341796875
5 0.1593475341796875
6 0.1593475341796875
3 0.1593475341796875
4 0.1593475341796875
5 0.1593475341796875
6 0.1593475341796875
3 0.1593475341796875
4 0.1593475341796875
5 0.1593475341796875
6 0.1593475341796875
3 0.1593475341796875
4 0.1593475341796875
5 0.1593475341796875
6 0.1593475341796875
3 0.1593475341796875
4 0.1593475341796875
5 0.1593475341796875
6 0.1593475341796875
3 0.1593475341796875
4 0.1593475341796875
5 0.1593475341796875
6 0.1593475341796875
3 0.1593475341796875
4 0.1593475341796875
5 0.1593475341796875
6 0.1593475341796875
3 0.1593475341796875
4 0.1593475341796875
5 0.1593475341796875
6 0.1593475341796875
3 0.1593475341796875
4 0.1593475341796875
5 0.1593475341796875
6 0.1593475341796875
3 0.1593475341796875
4 0.1593475341796875
5 0.1593475341796875
6 0.1593475341796875
3 0.1593475341796875
4 0.1593475341796875
5 0.1593475341796875
6 0.1593475341796875
3 0.1593475341796875
4 0.1593475341796875
5 0.1593475341796875
6 0.1593475341796875
3 0.1593475341796875
4 0.1593475341796875
5 0.1593475341796875
6 0.1593475341796875
3 0.1593475341796875
4 0.1593475341796875
5 0.1593475341796875
6 0.1593475341796875
3 0.1593475341796875
4 0.1593475341796875
5 0.1593475341796875
6 0.1593475341796875
3 0.1593475341796875
4 0.1593475341796875
5 0.1593475341796875
6 0.1593475341796875
3 0.1593475341796875
4 0.1593475341796875
5 0.1593475341796875
6 0.1593475341796875
3 0.1593475341796875
4 0.1593475341796875
5 0.1593475341796875
6 0.1593475341796875
3 0.1593475341796875
4 0.1593475341796875
5 0.1593475341796875
6 0.1593475341796875
3 0.1593475341796875
4 0.1593475341796875
5 0.1593475341796875
6 0.1593475341796875
3 0.1593475341796875
4 0.1593475341796875
5 0.1593475341796875
6 0.1593475341796875
3 0.1593475341796875
4 0.1593475341796875
5 0.1593475341796875
6 0.1593475341796875
3 0.1593475341796875
4 0.1593475341796875
5 0.1593475341796875
6 0.1593475341796875
3 0.1593475341796875
4 0.1593475341796875
5 0.1593475341796875
6 0.1593475341796875
3 0.1593475341796875
4 0.1593475341796875
5 0.1593475341796875
6 0.1593475341796875
3 0.1593475341796875
4 0.1593475341796875
5 0.1593475341796875
6 0.1593475341796875
3 0.1593475341796875
4 0.1593475341796875
5 0.1593475341796875
6 0.1593475341796875
3 0.1593475341796875
4 0.1593475341796875
5 0.1593475341796875
6 0.1593475341796875
3 0.1593475341796875
4 0.1593475341796875
5 0.1593475341796875
6 0.1593475341796875
3 0.1593475341796875
4 0.1593475341796875
5 0.1593475341796875
6 0.1593475341796875
3 0.1593475341796875
4 0.1593475341796875
5 0.1593475341796875
6 0.1593475341796875
3 0.1593475341796875
4 0.1593475341796875
5 0.1593475341796875
6 0.1593475341796875
3 0.1593475341796875
4 0.1593475341796875
5 0.1593475341796875
6 0.1593475341796875
3 0.1593475341796875
4 0.1593475341796875
5 0.1593475341796875
6 0.1593475341796875
3 0.1593475341796875
4 0.1593475341796875
5 0.1593475341796875
6 0.1593475341796875
3 0.1593475341796875
4 0.1593475341796875
5 0.1593475341796875
6 0.1593475341796875
3 0.1593475341796875
4 0.15935134887695312
5 0.15935134887695312
6 0.15935134887695312
3 0.15935134887695312
4 0.15935134887695312
5 0.15935134887695312
6 0.15935134887695312
3 0.15935134887695312
4 0.15935134887695312
5 0.15935134887695312
6 0.15935134887695312
3 0.15935134887695312
4 0.15935134887695312
5 0.15935134887695312
6 0.15935134887695312
3 0.15935134887695312
4 0.15935134887695312
5 0.15935134887695312
6 0.15935134887695312
3 0.15935134887695312
4 0.15935134887695312
5 0.15935134887695312
6 0.15935134887695312
3 0.15935134887695312
4 0.15935134887695312
5 0.15935134887695312
6 0.15935134887695312
3 0.15935134887695312
4 0.15935134887695312
5 0.15935134887695312
6 0.15935134887695312
3 0.15935134887695312
4 0.15935134887695312
5 0.15935134887695312
6 0.15935134887695312
3 0.15935134887695312
4 0.15935134887695312
5 0.15935134887695312
6 0.15935134887695312
3 0.15935134887695312
4 0.15935134887695312
5 0.15935134887695312
6 0.15935134887695312
3 0.15935134887695312
4 0.15935134887695312
5 0.15935134887695312
6 0.15935134887695312
3 0.15935134887695312
4 0.15935516357421875
5 0.15935516357421875
6 0.15935516357421875
3 0.15935516357421875
4 0.15935516357421875
5 0.15935516357421875
6 0.15935516357421875
3 0.15935516357421875
4 0.15935516357421875
5 0.15935516357421875
6 0.15935516357421875
3 0.15935516357421875
4 0.15935516357421875
5 0.15935516357421875
6 0.15935516357421875
3 0.15935516357421875
4 0.15935516357421875
5 0.15935516357421875
6 0.15935516357421875
3 0.15935516357421875
4 0.15935516357421875
5 0.15935516357421875
6 0.15935516357421875
3 0.15935516357421875
4 0.15935516357421875
5 0.15935516357421875
6 0.15935516357421875
3 0.15935516357421875
4 0.15935516357421875
5 0.15935516357421875
6 0.15935516357421875
3 0.15935516357421875
4 0.15935516357421875
5 0.15935516357421875
6 0.15935516357421875
3 0.15935516357421875
4 0.15935516357421875
5 0.15935516357421875
6 0.15935516357421875
3 0.15935516357421875
4 0.15935516357421875
5 0.15935516357421875
6 0.15935516357421875
3 0.15935516357421875
4 0.15935516357421875
5 0.15935516357421875
6 0.15935516357421875
3 0.15935516357421875
4 0.15935516357421875
5 0.15935516357421875
6 0.15935516357421875
3 0.15935516357421875
4 0.15935516357421875
5 0.15935516357421875
6 0.15935516357421875
3 0.15935516357421875
4 0.15935516357421875
5 0.15935516357421875
6 0.15935516357421875
3 0.15935516357421875
4 0.15935516357421875
5 0.15935516357421875
6 0.15935516357421875
3 0.15935516357421875
4 0.15935516357421875
5 0.15935516357421875
6 0.15935516357421875
3 0.15935516357421875
4 0.15935516357421875
5 0.15935516357421875
6 0.15935516357421875
3 0.15935516357421875
4 0.15935516357421875
5 0.15935516357421875
6 0.15935516357421875
3 0.15935516357421875
4 0.15935516357421875
5 0.15935516357421875
6 0.15935516357421875
3 0.15935516357421875
4 0.15935516357421875
5 0.15935516357421875
6 0.15935516357421875
3 0.15935516357421875
4 0.15935516357421875
5 0.15935516357421875
6 0.15935516357421875
3 0.15935516357421875
4 0.15935516357421875
5 0.15935516357421875
6 0.15935516357421875
3 0.15935516357421875
4 0.15935516357421875
5 0.15935516357421875
6 0.15935516357421875
3 0.15935516357421875
4 0.15935516357421875
5 0.15935516357421875
6 0.15935516357421875
3 0.15935516357421875
4 0.15935516357421875
5 0.15935516357421875
6 0.15935516357421875
3 0.15935516357421875
4 0.15935516357421875
5 0.15935516357421875
6 0.15935516357421875
3 0.15935516357421875
4 0.15935516357421875
5 0.15935516357421875
6 0.15935516357421875
3 0.15935516357421875
4 0.15935516357421875
5 0.15935516357421875
6 0.15935516357421875
3 0.15935516357421875
4 0.15935516357421875
5 0.15935516357421875
6 0.15935516357421875
3 0.15935516357421875
4 0.15935516357421875
5 0.15935516357421875
6 0.15935516357421875
3 0.15935516357421875
4 0.15935516357421875
5 0.15935516357421875
6 0.15935516357421875
3 0.15935516357421875
4 0.15935516357421875
5 0.15935516357421875
6 0.15935516357421875
3 0.15935516357421875
4 0.15935516357421875
5 0.15935516357421875
6 0.15935516357421875
3 0.15935516357421875
4 0.15935516357421875
5 0.15935516357421875
6 0.15935516357421875
3 0.15935516357421875
4 0.15935516357421875
5 0.15935516357421875
6 0.15935516357421875
3 0.15935516357421875
4 0.15935516357421875
5 0.15935516357421875
6 0.15935516357421875
3 0.15935516357421875
4 0.15935516357421875
5 0.15935516357421875
6 0.15935516357421875
3 0.15935516357421875
4 0.15935516357421875
5 0.15935516357421875
6 0.15935516357421875
3 0.15935516357421875
4 0.15935516357421875
5 0.15935516357421875
6 0.15935516357421875
3 0.15935516357421875
4 0.15935516357421875
5 0.15935516357421875
6 0.15935516357421875
3 0.15935516357421875
4 0.15935516357421875
5 0.15935516357421875
6 0.15935516357421875
3 0.15935516357421875
4 0.15935516357421875
5 0.15935516357421875
6 0.15935516357421875
3 0.15935516357421875
4 0.15935516357421875
5 0.15935516357421875
6 0.15935516357421875
3 0.15935516357421875
4 0.15935516357421875
5 0.15935516357421875
6 0.15935516357421875
3 0.15935516357421875
4 0.15935516357421875
5 0.15935516357421875
6 0.15935516357421875
3 0.15935516357421875
4 0.15935516357421875
5 0.15935516357421875
6 0.15935516357421875
3 0.15935516357421875
4 0.15935516357421875
5 0.15935516357421875
6 0.15935516357421875
3 0.15935516357421875
4 0.15935516357421875
5 0.15935516357421875
6 0.15935516357421875
3 0.15935516357421875
4 0.15935516357421875
5 0.15935516357421875
6 0.15935516357421875
3 0.15935516357421875
4 0.15935516357421875
5 0.15935516357421875
6 0.15935516357421875
3 0.15935516357421875
4 0.15935516357421875
5 0.15935516357421875
6 0.15935516357421875
3 0.15935516357421875
4 0.15935516357421875
5 0.15935516357421875
6 0.15935516357421875
3 0.15935516357421875
4 0.15935516357421875
5 0.15935516357421875
6 0.15935516357421875
3 0.15935516357421875
4 0.15935516357421875
5 0.15935516357421875
6 0.15935516357421875
3 0.15935516357421875
4 0.15935516357421875
5 0.15935516357421875
6 0.15935516357421875
3 0.15935516357421875
4 0.15935516357421875
5 0.15935516357421875
6 0.15935516357421875
3 0.15935516357421875
4 0.15935516357421875
5 0.15935516357421875
6 0.15935516357421875
3 0.15935516357421875
4 0.15935516357421875
5 0.15935516357421875
6 0.15935516357421875
3 0.15935516357421875
4 0.15935516357421875
5 0.15935516357421875
6 0.15935516357421875
3 0.15935516357421875
4 0.15935516357421875
5 0.15935516357421875
6 0.15935516357421875
3 0.15935516357421875
4 0.15935516357421875
5 0.15935516357421875
6 0.15935516357421875
3 0.15935516357421875
4 0.15935516357421875
5 0.15935516357421875
6 0.15935516357421875
3 0.15935516357421875
4 0.15935516357421875
5 0.15935516357421875
6 0.15935516357421875
3 0.15935516357421875
4 0.15935516357421875
5 0.15935516357421875
6 0.15935516357421875
3 0.15935516357421875
4 0.15935516357421875
5 0.15935516357421875
6 0.15935516357421875
3 0.15935516357421875
4 0.15935516357421875
5 0.15935516357421875
6 0.15935516357421875
3 0.15935516357421875
4 0.15935516357421875
5 0.15935516357421875
6 0.15935516357421875
3 0.15935516357421875
4 0.15935516357421875
5 0.15935516357421875
6 0.15935516357421875
3 0.15935516357421875
4 0.15935516357421875
5 0.15935516357421875
6 0.15935516357421875
3 0.15935516357421875
4 0.15935516357421875
5 0.15935516357421875
6 0.15935516357421875
3 0.15935516357421875
4 0.15935516357421875
5 0.15935516357421875
6 0.15935516357421875
3 0.15935516357421875
4 0.15935516357421875
5 0.15935516357421875
6 0.15935516357421875
3 0.15935516357421875
4 0.15935516357421875
5 0.15935516357421875
6 0.15935516357421875
3 0.15935516357421875
4 0.15935516357421875
5 0.15935516357421875
6 0.15935516357421875
3 0.15935516357421875
4 0.15935516357421875
5 0.15935516357421875
6 0.15935516357421875
3 0.15935516357421875
4 0.15935516357421875
5 0.15935516357421875
6 0.15935516357421875
3 0.15935516357421875
4 0.15935516357421875
5 0.15935516357421875
6 0.15935516357421875
3 0.15935516357421875
4 0.15935516357421875
5 0.15935516357421875
6 0.15935516357421875
3 0.15935516357421875
4 0.15935516357421875
5 0.15935516357421875
6 0.15935516357421875
3 0.15935516357421875
4 0.15935516357421875
5 0.15935516357421875
6 0.15935516357421875
3 0.15935516357421875
4 0.15935516357421875
5 0.15935516357421875
6 0.15935516357421875
3 0.15935516357421875
4 0.15935516357421875
5 0.15935516357421875
6 0.15935516357421875
3 0.15935516357421875
4 0.15935516357421875
5 0.15935516357421875
6 0.15935516357421875
3 0.15935516357421875
4 0.15935516357421875
5 0.15935516357421875
6 0.15935516357421875
3 0.15935516357421875
4 0.15935516357421875
5 0.15935516357421875
6 0.15935516357421875
3 0.15935516357421875
4 0.15935516357421875
5 0.15935516357421875
6 0.15935516357421875
3 0.15935516357421875
4 0.15935516357421875
5 0.15935516357421875
6 0.15935516357421875
3 0.15935516357421875
4 0.15935516357421875
5 0.15935516357421875
6 0.15935516357421875
3 0.15935516357421875
4 0.15935516357421875
5 0.15935516357421875
6 0.15935516357421875
3 0.15935516357421875
4 0.15935516357421875
5 0.15935516357421875
6 0.15935516357421875
3 0.15935516357421875
4 0.15935516357421875
5 0.15935516357421875
6 0.15935516357421875
3 0.15935516357421875
4 0.15935516357421875
5 0.15935516357421875
6 0.15935516357421875
3 0.15935516357421875
4 0.15935516357421875
5 0.15935516357421875
6 0.15935516357421875
3 0.15935516357421875
4 0.15935516357421875
5 0.15935516357421875
6 0.15935516357421875
3 0.15935516357421875
4 0.15935516357421875
5 0.15935516357421875
6 0.15935516357421875
3 0.15935516357421875
4 0.15935516357421875
5 0.15935516357421875
6 0.15935516357421875
3 0.15935516357421875
4 0.15935516357421875
5 0.15935516357421875
6 0.15935516357421875
3 0.15935516357421875
4 0.15935516357421875
5 0.15935516357421875
6 0.15935516357421875
3 0.15935516357421875
4 0.15935516357421875
5 0.15935516357421875
6 0.15935516357421875
3 0.15935516357421875
4 0.15935516357421875
5 0.15935516357421875
6 0.15935516357421875
3 0.15935516357421875
4 0.15935516357421875
5 0.15935516357421875
6 0.15935516357421875
3 0.15935516357421875
4 0.15935516357421875
5 0.15935516357421875
6 0.15935516357421875
3 0.15935516357421875
4 0.15935516357421875
5 0.15935516357421875
6 0.15935516357421875
3 0.15935516357421875
4 0.15935516357421875
5 0.15935516357421875
6 0.15935516357421875
3 0.15935516357421875
4 0.15935516357421875
5 0.15935516357421875
6 0.15935516357421875
3 0.15935516357421875
4 0.15935516357421875
5 0.15935516357421875
6 0.15935516357421875
3 0.15935516357421875
4 0.15935516357421875
5 0.15935516357421875
6 0.15935516357421875
3 0.15935516357421875
4 0.15935897827148438
5 0.15935897827148438
6 0.15935897827148438
3 0.15935897827148438
4 0.15935897827148438
5 0.15935897827148438
6 0.15935897827148438
3 0.15935897827148438
4 0.15935897827148438
5 0.15935897827148438
6 0.15935897827148438
3 0.15935897827148438
4 0.15935897827148438
5 0.15935897827148438
6 0.15935897827148438
3 0.15935897827148438
4 0.15935897827148438
5 0.15935897827148438
6 0.15935897827148438
3 0.15935897827148438
4 0.15935897827148438
5 0.15935897827148438
6 0.15935897827148438
3 0.15935897827148438
4 0.15935897827148438
5 0.15935897827148438
6 0.15935897827148438
3 0.15935897827148438
4 0.15935897827148438
5 0.15935897827148438
6 0.15935897827148438
3 0.15935897827148438
4 0.15935897827148438
5 0.15935897827148438
6 0.15935897827148438
3 0.15935897827148438
4 0.15935897827148438
5 0.15935897827148438
6 0.15935897827148438
3 0.15935897827148438
4 0.15935897827148438
5 0.15935897827148438
6 0.15935897827148438
3 0.15935897827148438
4 0.15935897827148438
5 0.15935897827148438
6 0.15935897827148438
3 0.15935897827148438
4 0.15935897827148438
5 0.15935897827148438
6 0.15935897827148438
3 0.15935897827148438
4 0.15935897827148438
5 0.15935897827148438
6 0.15935897827148438
3 0.15935897827148438
4 0.15935897827148438
5 0.15935897827148438
6 0.15935897827148438
3 0.15935897827148438
4 0.15935897827148438
5 0.15935897827148438
6 0.15935897827148438
3 0.15935897827148438
4 0.12851333618164062
5 0.13005447387695312
6 0.13005447387695312
3 0.13005447387695312
4 0.13213729858398438
5 0.13213729858398438
6 0.13213729858398438
3 0.13213729858398438
4 0.13213729858398438
5 0.13213729858398438
6 0.13213729858398438
3 0.13213729858398438
4 0.13213729858398438
5 0.13213729858398438
6 0.13213729858398438
3 0.13213729858398438
4 0.13213729858398438
5 0.13213729858398438
6 0.13213729858398438
3 0.13213729858398438
4 0.13213729858398438
5 0.13213729858398438
6 0.13213729858398438
3 0.13213729858398438
4 0.13213729858398438
5 0.13213729858398438
6 0.13213729858398438
3 0.13213729858398438
4 0.13213729858398438
5 0.13213729858398438
6 0.13213729858398438
3 0.13213729858398438
4 0.13213729858398438
5 0.13213729858398438
6 0.13213729858398438
3 0.13213729858398438
4 0.13213729858398438
5 0.13213729858398438
6 0.13213729858398438
