==========================================
SLURM_JOB_ID = 9472399
SLURM_SUBMIT_DIR = /home/qhaomin/PF_rep/src
SLURM_JOB_NODELIST = mcn52
==========================================
1 0.13956069946289062
2 0.14136123657226562
2.0621938705444336
3 0.14168167114257812
4 0.14703369140625
5 0.14829635620117188
6 0.14829635620117188
3 0.14829635620117188
4 0.150787353515625
5 0.150787353515625
6 0.150787353515625
3 0.150787353515625
4 0.15320587158203125
5 0.15320587158203125
6 0.15320587158203125
3 0.15320587158203125
4 0.15568923950195312
5 0.15568923950195312
6 0.15568923950195312
3 0.15568923950195312
4 0.15569686889648438
5 0.15570449829101562
6 0.15571212768554688
3 0.15571212768554688
4 0.15607070922851562
5 0.15607070922851562
6 0.15607070922851562
3 0.15607070922851562
4 0.15842819213867188
5 0.15869522094726562
6 0.15871047973632812
3 0.15871047973632812
4 0.1587371826171875
5 0.1587371826171875
6 0.1587371826171875
3 0.1587371826171875
4 0.15874481201171875
5 0.15874481201171875
6 0.15874481201171875
3 0.15874481201171875
4 0.15874481201171875
5 0.15874481201171875
6 0.15874481201171875
3 0.15874481201171875
4 0.15874481201171875
5 0.15874481201171875
6 0.15874481201171875
3 0.15874481201171875
4 0.15874481201171875
5 0.15874481201171875
6 0.15874481201171875
3 0.15874481201171875
4 0.15874481201171875
5 0.15874481201171875
6 0.15874481201171875
3 0.15874481201171875
4 0.15874862670898438
5 0.15874862670898438
6 0.15874862670898438
3 0.15874862670898438
4 0.15874862670898438
5 0.15874862670898438
6 0.15874862670898438
3 0.15874862670898438
4 0.15874862670898438
5 0.15874862670898438
6 0.15874862670898438
3 0.15874862670898438
4 0.15874862670898438
5 0.15874862670898438
6 0.15874862670898438
3 0.15874862670898438
4 0.15874862670898438
5 0.15874862670898438
6 0.15874862670898438
3 0.15874862670898438
4 0.15874862670898438
5 0.15874862670898438
6 0.15874862670898438
3 0.15874862670898438
4 0.16067886352539062
5 0.16067886352539062
6 0.16067886352539062
3 0.16067886352539062
4 0.15874862670898438
5 0.15874862670898438
6 0.15874862670898438
3 0.15874862670898438
4 0.15874862670898438
5 0.15874862670898438
6 0.15874862670898438
3 0.15874862670898438
4 0.15874862670898438
5 0.15874862670898438
6 0.15874862670898438
3 0.15874862670898438
4 0.15874862670898438
5 0.15874862670898438
6 0.15874862670898438
3 0.15874862670898438
4 0.15874862670898438
5 0.15874862670898438
6 0.15874862670898438
3 0.15874862670898438
4 0.15874862670898438
5 0.15874862670898438
6 0.15874862670898438
3 0.15874862670898438
4 0.15874862670898438
5 0.15874862670898438
6 0.15874862670898438
3 0.15874862670898438
4 0.15874862670898438
5 0.15874862670898438
6 0.15874862670898438
3 0.15874862670898438
4 0.15874862670898438
5 0.15874862670898438
6 0.15874862670898438
3 0.15874862670898438
4 0.15874862670898438
5 0.15874862670898438
6 0.15874862670898438
3 0.15874862670898438
4 0.15874862670898438
5 0.15874862670898438
6 0.15874862670898438
3 0.15874862670898438
4 0.15874862670898438
5 0.15874862670898438
6 0.15874862670898438
3 0.15874862670898438
4 0.15874862670898438
5 0.15874862670898438
6 0.15874862670898438
3 0.15874862670898438
4 0.15874862670898438
5 0.15874862670898438
6 0.15874862670898438
3 0.15874862670898438
4 0.15874862670898438
5 0.15874862670898438
6 0.15874862670898438
3 0.15874862670898438
4 0.15874862670898438
5 0.15874862670898438
6 0.15874862670898438
3 0.15874862670898438
4 0.15874862670898438
5 0.15874862670898438
6 0.15874862670898438
3 0.15874862670898438
4 0.15874862670898438
5 0.15874862670898438
6 0.15874862670898438
3 0.15874862670898438
4 0.15874862670898438
5 0.15874862670898438
6 0.15874862670898438
3 0.15874862670898438
4 0.15874862670898438
5 0.15874862670898438
6 0.15874862670898438
3 0.15874862670898438
4 0.15874862670898438
5 0.15874862670898438
6 0.15874862670898438
3 0.15874862670898438
4 0.15874862670898438
5 0.15874862670898438
6 0.15874862670898438
3 0.15874862670898438
4 0.15874862670898438
5 0.15874862670898438
6 0.15874862670898438
3 0.15874862670898438
4 0.15850448608398438
5 0.15850448608398438
6 0.15850448608398438
3 0.15850448608398438
4 0.15850448608398438
5 0.15850448608398438
6 0.15850448608398438
3 0.15850448608398438
4 0.15850448608398438
5 0.15850448608398438
6 0.15850448608398438
3 0.15850448608398438
4 0.15850448608398438
5 0.15850448608398438
6 0.15850448608398438
3 0.15850448608398438
4 0.15850448608398438
5 0.15850448608398438
6 0.15850448608398438
3 0.15850448608398438
4 0.15850448608398438
5 0.15850448608398438
6 0.15850448608398438
3 0.15850448608398438
4 0.15850448608398438
5 0.15850448608398438
6 0.15850448608398438
3 0.15850448608398438
4 0.15850448608398438
5 0.15850448608398438
6 0.15850448608398438
3 0.15850448608398438
4 0.15850448608398438
5 0.15850448608398438
6 0.15850448608398438
3 0.15850448608398438
4 0.15850448608398438
5 0.15850448608398438
6 0.15850448608398438
3 0.15850448608398438
4 0.15850448608398438
5 0.15850448608398438
6 0.15850448608398438
3 0.15850448608398438
4 0.15850448608398438
5 0.15850448608398438
6 0.15850448608398438
3 0.15850448608398438
4 0.15850448608398438
5 0.15850448608398438
6 0.15850448608398438
3 0.15850448608398438
4 0.15850448608398438
5 0.15850448608398438
6 0.15850448608398438
3 0.15850448608398438
4 0.15850448608398438
5 0.15850448608398438
6 0.15850448608398438
3 0.15850448608398438
4 0.15850448608398438
5 0.15850448608398438
6 0.15850448608398438
3 0.15850448608398438
4 0.15850448608398438
5 0.15850448608398438
6 0.15850448608398438
3 0.15850448608398438
4 0.15850448608398438
5 0.15850448608398438
6 0.15850448608398438
3 0.15850448608398438
4 0.15850448608398438
5 0.15850448608398438
6 0.15850448608398438
3 0.15850448608398438
4 0.15850448608398438
5 0.15850448608398438
6 0.15850448608398438
3 0.15850448608398438
4 0.15850448608398438
5 0.15850448608398438
6 0.15850448608398438
3 0.15850448608398438
4 0.15850448608398438
5 0.15850448608398438
6 0.15850448608398438
3 0.15850448608398438
4 0.15850448608398438
5 0.15850448608398438
6 0.15850448608398438
3 0.15850448608398438
4 0.15850448608398438
5 0.15850448608398438
6 0.15850448608398438
3 0.15850448608398438
4 0.15850448608398438
5 0.15850448608398438
6 0.15850448608398438
3 0.15850448608398438
4 0.15850448608398438
5 0.15850448608398438
6 0.15850448608398438
3 0.15850448608398438
4 0.15850448608398438
5 0.15850448608398438
6 0.15850448608398438
3 0.15850448608398438
4 0.15850448608398438
5 0.15850448608398438
6 0.15850448608398438
3 0.15850448608398438
4 0.15850448608398438
5 0.15850448608398438
6 0.15850448608398438
3 0.15850448608398438
4 0.15850448608398438
5 0.15850448608398438
6 0.15850448608398438
3 0.15850448608398438
4 0.15850448608398438
5 0.15850448608398438
6 0.15850448608398438
3 0.15850448608398438
4 0.15850448608398438
5 0.15850448608398438
6 0.15850448608398438
3 0.15850448608398438
4 0.15850448608398438
5 0.15850448608398438
6 0.15850448608398438
3 0.15850448608398438
4 0.15850448608398438
5 0.15850448608398438
6 0.15850448608398438
3 0.15850448608398438
4 0.15850448608398438
5 0.15850448608398438
6 0.15850448608398438
3 0.15850448608398438
4 0.15850448608398438
5 0.15850448608398438
6 0.15850448608398438
3 0.15850448608398438
4 0.15850448608398438
5 0.15850448608398438
6 0.15850448608398438
3 0.15850448608398438
4 0.15850448608398438
5 0.15850448608398438
6 0.15850448608398438
3 0.15850448608398438
4 0.15850448608398438
5 0.15850448608398438
6 0.15850448608398438
3 0.15850448608398438
4 0.15850448608398438
5 0.15850448608398438
6 0.15850448608398438
3 0.15850448608398438
4 0.15850448608398438
5 0.15850448608398438
6 0.15850448608398438
3 0.15850448608398438
4 0.15850448608398438
5 0.15850448608398438
6 0.15850448608398438
3 0.15850448608398438
4 0.15850448608398438
5 0.15850448608398438
6 0.15850448608398438
3 0.15850448608398438
4 0.15850448608398438
5 0.15850448608398438
6 0.15850448608398438
3 0.15850448608398438
4 0.15850448608398438
5 0.15850448608398438
6 0.15850448608398438
3 0.15850448608398438
4 0.15850448608398438
5 0.15850448608398438
6 0.15850448608398438
3 0.15850448608398438
4 0.15850448608398438
5 0.15850448608398438
6 0.15850448608398438
3 0.15850448608398438
4 0.15850448608398438
5 0.15850448608398438
6 0.15850448608398438
3 0.15850448608398438
4 0.15850448608398438
5 0.15850448608398438
6 0.15850448608398438
3 0.15850448608398438
4 0.15850448608398438
5 0.15850448608398438
6 0.15850448608398438
3 0.15850448608398438
4 0.15850448608398438
5 0.15850448608398438
6 0.15850448608398438
3 0.15850448608398438
4 0.15850448608398438
5 0.15850448608398438
6 0.15850448608398438
3 0.15850448608398438
4 0.15850448608398438
5 0.15850448608398438
6 0.15850448608398438
3 0.15850448608398438
4 0.15850448608398438
5 0.15850448608398438
6 0.15850448608398438
3 0.15850448608398438
4 0.15850448608398438
5 0.15850448608398438
6 0.15850448608398438
3 0.15850448608398438
4 0.15850448608398438
5 0.15850448608398438
6 0.15850448608398438
3 0.15850448608398438
4 0.15850448608398438
5 0.15850448608398438
6 0.15850448608398438
3 0.15850448608398438
4 0.15850448608398438
5 0.15850448608398438
6 0.15850448608398438
3 0.15850448608398438
4 0.15850448608398438
5 0.15850448608398438
6 0.15850448608398438
3 0.15850448608398438
4 0.15850448608398438
5 0.15850448608398438
6 0.15850448608398438
3 0.15850448608398438
4 0.15850448608398438
5 0.15850448608398438
6 0.15850448608398438
3 0.15850448608398438
4 0.15850448608398438
5 0.15850448608398438
6 0.15850448608398438
3 0.15850448608398438
4 0.15850448608398438
5 0.15850448608398438
6 0.15850448608398438
3 0.15850448608398438
4 0.15850448608398438
5 0.15850448608398438
6 0.15850448608398438
3 0.15850448608398438
4 0.15850448608398438
5 0.15850448608398438
6 0.15850448608398438
3 0.15850448608398438
4 0.15850448608398438
5 0.15850448608398438
6 0.15850448608398438
3 0.15850448608398438
4 0.15850448608398438
5 0.15850448608398438
6 0.15850448608398438
3 0.15850448608398438
4 0.15850448608398438
5 0.15850448608398438
6 0.15850448608398438
3 0.15850448608398438
4 0.15850448608398438
5 0.15850448608398438
6 0.15850448608398438
3 0.15850448608398438
4 0.15850830078125
5 0.15850830078125
6 0.15850830078125
3 0.15850830078125
4 0.15850830078125
5 0.15850830078125
6 0.15850830078125
3 0.15850830078125
4 0.15850830078125
5 0.15850830078125
6 0.15850830078125
3 0.15850830078125
4 0.15850830078125
5 0.15850830078125
6 0.15850830078125
3 0.15850830078125
4 0.15850830078125
5 0.15850830078125
6 0.15850830078125
3 0.15850830078125
4 0.15850830078125
5 0.15850830078125
6 0.15850830078125
3 0.15850830078125
4 0.15850830078125
5 0.15850830078125
6 0.15850830078125
3 0.15850830078125
4 0.15850830078125
5 0.15850830078125
6 0.15850830078125
3 0.15850830078125
4 0.15850830078125
5 0.15850830078125
6 0.15850830078125
3 0.15850830078125
4 0.15851211547851562
5 0.15851211547851562
6 0.15851211547851562
3 0.15851211547851562
4 0.15851211547851562
5 0.15851211547851562
6 0.15851211547851562
3 0.15851211547851562
4 0.15851211547851562
5 0.15851211547851562
6 0.15851211547851562
3 0.15851211547851562
4 0.15851211547851562
5 0.15851211547851562
6 0.15851211547851562
3 0.15851211547851562
4 0.15851211547851562
5 0.15851211547851562
6 0.15851211547851562
3 0.15851211547851562
4 0.15851211547851562
5 0.15851211547851562
6 0.15851211547851562
3 0.15851211547851562
4 0.15851211547851562
5 0.15851211547851562
6 0.15851211547851562
3 0.15851211547851562
4 0.15851211547851562
5 0.15851211547851562
6 0.15851211547851562
3 0.15851211547851562
4 0.15851211547851562
5 0.15851211547851562
6 0.15851211547851562
3 0.15851211547851562
4 0.15851211547851562
5 0.15851211547851562
6 0.15851211547851562
3 0.15851211547851562
4 0.15851211547851562
5 0.15851211547851562
6 0.15851211547851562
3 0.15851211547851562
4 0.15851211547851562
5 0.15851211547851562
6 0.15851211547851562
3 0.15851211547851562
4 0.15851211547851562
5 0.15851211547851562
6 0.15851211547851562
3 0.15851211547851562
4 0.15851211547851562
5 0.15851211547851562
6 0.15851211547851562
3 0.15851211547851562
4 0.15851211547851562
5 0.15851211547851562
6 0.15851211547851562
3 0.15851211547851562
4 0.15851211547851562
5 0.15851211547851562
6 0.15851211547851562
3 0.15851211547851562
4 0.15851211547851562
5 0.15851211547851562
6 0.15851211547851562
3 0.15851211547851562
4 0.15851211547851562
5 0.15851211547851562
6 0.15851211547851562
3 0.15851211547851562
4 0.15851211547851562
5 0.15851211547851562
6 0.15851211547851562
3 0.15851211547851562
4 0.15851211547851562
5 0.15851211547851562
6 0.15851211547851562
3 0.15851211547851562
4 0.15851211547851562
5 0.15851211547851562
6 0.15851211547851562
3 0.15851211547851562
4 0.15851211547851562
5 0.15851211547851562
6 0.15851211547851562
3 0.15851211547851562
4 0.15851211547851562
5 0.15851211547851562
6 0.15851211547851562
3 0.15851211547851562
4 0.15851211547851562
5 0.15851211547851562
6 0.15851211547851562
3 0.15851211547851562
4 0.15851211547851562
5 0.15851211547851562
6 0.15851211547851562
3 0.15851211547851562
4 0.15851211547851562
5 0.15851211547851562
6 0.15851211547851562
3 0.15851211547851562
4 0.15851211547851562
5 0.15851211547851562
6 0.15851211547851562
3 0.15851211547851562
4 0.15851211547851562
5 0.15851211547851562
6 0.15851211547851562
3 0.15851211547851562
4 0.15851211547851562
5 0.15851211547851562
6 0.15851211547851562
3 0.15851211547851562
4 0.15851211547851562
5 0.15851211547851562
6 0.15851211547851562
3 0.15851211547851562
4 0.15851211547851562
5 0.15851211547851562
6 0.15851211547851562
3 0.15851211547851562
4 0.15851211547851562
5 0.15851211547851562
6 0.15851211547851562
3 0.15851211547851562
4 0.15851211547851562
5 0.15851211547851562
6 0.15851211547851562
3 0.15851211547851562
4 0.15851211547851562
5 0.15851211547851562
6 0.15851211547851562
3 0.15851211547851562
4 0.15851211547851562
5 0.15851211547851562
6 0.15851211547851562
3 0.15851211547851562
4 0.15851211547851562
5 0.15851211547851562
6 0.15851211547851562
3 0.15851211547851562
4 0.15851211547851562
5 0.15851211547851562
6 0.15851211547851562
3 0.15851211547851562
4 0.15851211547851562
5 0.15851211547851562
6 0.15851211547851562
3 0.15851211547851562
4 0.15851211547851562
5 0.15851211547851562
6 0.15851211547851562
3 0.15851211547851562
4 0.15851211547851562
5 0.15851211547851562
6 0.15851211547851562
3 0.15851211547851562
4 0.15851211547851562
5 0.15851211547851562
6 0.15851211547851562
3 0.15851211547851562
4 0.15851211547851562
5 0.15851211547851562
6 0.15851211547851562
3 0.15851211547851562
4 0.15851211547851562
5 0.15851211547851562
6 0.15851211547851562
3 0.15851211547851562
4 0.15851211547851562
5 0.15851211547851562
6 0.15851211547851562
3 0.15851211547851562
4 0.15851211547851562
5 0.15851211547851562
6 0.15851211547851562
3 0.15851211547851562
4 0.15851211547851562
5 0.15851211547851562
6 0.15851211547851562
3 0.15851211547851562
4 0.15851211547851562
5 0.15851211547851562
6 0.15851211547851562
3 0.15851211547851562
4 0.15851211547851562
5 0.15851211547851562
6 0.15851211547851562
3 0.15851211547851562
4 0.15851211547851562
5 0.15851211547851562
6 0.15851211547851562
3 0.15851211547851562
4 0.15851211547851562
5 0.15851211547851562
6 0.15851211547851562
3 0.15851211547851562
4 0.15851211547851562
5 0.15851211547851562
6 0.15851211547851562
3 0.15851211547851562
4 0.15851211547851562
5 0.15851211547851562
6 0.15851211547851562
3 0.15851211547851562
4 0.15851211547851562
5 0.15851211547851562
6 0.15851211547851562
3 0.15851211547851562
4 0.15851211547851562
5 0.15851211547851562
6 0.15851211547851562
3 0.15851211547851562
4 0.15851211547851562
5 0.15851211547851562
6 0.15851211547851562
3 0.15851211547851562
4 0.15851211547851562
5 0.15851211547851562
6 0.15851211547851562
3 0.15851211547851562
4 0.15851211547851562
5 0.15851211547851562
6 0.15851211547851562
3 0.15851211547851562
4 0.15851211547851562
5 0.15851211547851562
6 0.15851211547851562
3 0.15851211547851562
4 0.15851211547851562
5 0.15851211547851562
6 0.15851211547851562
3 0.15851211547851562
4 0.15851211547851562
5 0.15851211547851562
6 0.15851211547851562
3 0.15851211547851562
4 0.15851211547851562
5 0.15851211547851562
6 0.15851211547851562
3 0.15851211547851562
4 0.15851211547851562
5 0.15851211547851562
6 0.15851211547851562
3 0.15851211547851562
4 0.15851211547851562
5 0.15851211547851562
6 0.15851211547851562
3 0.15851211547851562
4 0.15851211547851562
5 0.15851211547851562
6 0.15851211547851562
3 0.15851211547851562
4 0.15851211547851562
5 0.15851211547851562
6 0.15851211547851562
3 0.15851211547851562
4 0.15851211547851562
5 0.15851211547851562
6 0.15851211547851562
3 0.15851211547851562
4 0.15851211547851562
5 0.15851211547851562
6 0.15851211547851562
3 0.15851211547851562
4 0.15851211547851562
5 0.15851211547851562
6 0.15851211547851562
3 0.15851211547851562
4 0.15851211547851562
5 0.15851211547851562
6 0.15851211547851562
3 0.15851211547851562
4 0.15851211547851562
5 0.15851211547851562
6 0.15851211547851562
3 0.15851211547851562
4 0.15851211547851562
5 0.15851211547851562
6 0.15851211547851562
3 0.15851211547851562
4 0.15851211547851562
5 0.15851211547851562
6 0.15851211547851562
3 0.15851211547851562
4 0.15851211547851562
5 0.15851211547851562
6 0.15851211547851562
3 0.15851211547851562
4 0.15851211547851562
5 0.15851211547851562
6 0.15851211547851562
3 0.15851211547851562
4 0.15851211547851562
5 0.15851211547851562
6 0.15851211547851562
3 0.15851211547851562
4 0.15851593017578125
5 0.15851593017578125
6 0.15851593017578125
3 0.15851593017578125
4 0.15851593017578125
5 0.15851593017578125
6 0.15851593017578125
3 0.15851593017578125
4 0.15851593017578125
5 0.15851593017578125
6 0.15851593017578125
3 0.15851593017578125
4 0.15851593017578125
5 0.15851593017578125
6 0.15851593017578125
3 0.15851593017578125
4 0.15851593017578125
5 0.15851593017578125
6 0.15851593017578125
3 0.15851593017578125
4 0.15851593017578125
5 0.15851593017578125
6 0.15851593017578125
3 0.15851593017578125
4 0.15851593017578125
5 0.15851593017578125
6 0.15851593017578125
3 0.15851593017578125
4 0.15851593017578125
5 0.15851593017578125
6 0.15851593017578125
3 0.15851593017578125
4 0.15851593017578125
5 0.15851593017578125
6 0.15851593017578125
3 0.15851593017578125
4 0.15851593017578125
5 0.15851593017578125
6 0.15851593017578125
3 0.15851593017578125
4 0.15851593017578125
5 0.15851593017578125
6 0.15851593017578125
3 0.15851593017578125
4 0.15851593017578125
5 0.15851593017578125
6 0.15851593017578125
3 0.15851593017578125
4 0.15851593017578125
5 0.15851593017578125
6 0.15851593017578125
3 0.15851593017578125
4 0.15851593017578125
5 0.15851593017578125
6 0.15851593017578125
3 0.15851593017578125
4 0.15851593017578125
5 0.15851593017578125
6 0.15851593017578125
3 0.15851593017578125
4 0.15851974487304688
5 0.15851974487304688
6 0.15851974487304688
3 0.15851974487304688
4 0.15851974487304688
5 0.15851974487304688
6 0.15851974487304688
3 0.15851974487304688
4 0.15851974487304688
5 0.15851974487304688
6 0.15851974487304688
3 0.15851974487304688
4 0.15851974487304688
5 0.15851974487304688
6 0.15851974487304688
3 0.15851974487304688
4 0.15851974487304688
5 0.15851974487304688
6 0.15851974487304688
3 0.15851974487304688
4 0.15851974487304688
5 0.15851974487304688
6 0.15851974487304688
3 0.15851974487304688
4 0.15851974487304688
5 0.15851974487304688
6 0.15851974487304688
3 0.15851974487304688
4 0.15851974487304688
5 0.15851974487304688
6 0.15851974487304688
3 0.15851974487304688
4 0.15851974487304688
5 0.15851974487304688
6 0.15851974487304688
3 0.15851974487304688
4 0.15851974487304688
5 0.15851974487304688
6 0.15851974487304688
3 0.15851974487304688
4 0.15851974487304688
5 0.15851974487304688
6 0.15851974487304688
3 0.15851974487304688
4 0.15851974487304688
5 0.15851974487304688
6 0.15851974487304688
3 0.15851974487304688
4 0.15851974487304688
5 0.15851974487304688
6 0.15851974487304688
3 0.15851974487304688
4 0.15851974487304688
5 0.15851974487304688
6 0.15851974487304688
3 0.15851974487304688
4 0.15851974487304688
5 0.15851974487304688
6 0.15851974487304688
3 0.15851974487304688
4 0.15851974487304688
5 0.15851974487304688
6 0.15851974487304688
3 0.15851974487304688
4 0.15851974487304688
5 0.15851974487304688
6 0.15851974487304688
3 0.15851974487304688
4 0.15851974487304688
5 0.15851974487304688
6 0.15851974487304688
3 0.15851974487304688
4 0.15851974487304688
5 0.15851974487304688
6 0.15851974487304688
3 0.15851974487304688
4 0.15851974487304688
5 0.15851974487304688
6 0.15851974487304688
3 0.15851974487304688
4 0.15851974487304688
5 0.15851974487304688
6 0.15851974487304688
3 0.15851974487304688
4 0.15851974487304688
5 0.15851974487304688
6 0.15851974487304688
3 0.15851974487304688
4 0.15851974487304688
5 0.15851974487304688
6 0.15851974487304688
3 0.15851974487304688
4 0.15851974487304688
5 0.15851974487304688
6 0.15851974487304688
3 0.15851974487304688
4 0.15851974487304688
5 0.15851974487304688
6 0.15851974487304688
3 0.15851974487304688
4 0.15851974487304688
5 0.15851974487304688
6 0.15851974487304688
3 0.15851974487304688
4 0.15851974487304688
5 0.15851974487304688
6 0.15851974487304688
3 0.15851974487304688
4 0.15851974487304688
5 0.15851974487304688
6 0.15851974487304688
3 0.15851974487304688
4 0.15851974487304688
5 0.15851974487304688
6 0.15851974487304688
3 0.15851974487304688
4 0.15851974487304688
5 0.15851974487304688
6 0.15851974487304688
3 0.15851974487304688
4 0.15851974487304688
5 0.15851974487304688
6 0.15851974487304688
3 0.15851974487304688
4 0.15851974487304688
5 0.15851974487304688
6 0.15851974487304688
3 0.15851974487304688
4 0.15851974487304688
5 0.15851974487304688
6 0.15851974487304688
3 0.15851974487304688
4 0.15851974487304688
5 0.15851974487304688
6 0.15851974487304688
3 0.15851974487304688
4 0.15851974487304688
5 0.15851974487304688
6 0.15851974487304688
3 0.15851974487304688
4 0.15851974487304688
5 0.15851974487304688
6 0.15851974487304688
3 0.15851974487304688
4 0.15851974487304688
5 0.15851974487304688
6 0.15851974487304688
3 0.15851974487304688
4 0.15851974487304688
5 0.15851974487304688
6 0.15851974487304688
3 0.15851974487304688
4 0.15851974487304688
5 0.15851974487304688
6 0.15851974487304688
3 0.15851974487304688
4 0.15851974487304688
5 0.15851974487304688
6 0.15851974487304688
3 0.15851974487304688
4 0.15851974487304688
5 0.15851974487304688
6 0.15851974487304688
3 0.15851974487304688
4 0.15851974487304688
5 0.15851974487304688
6 0.15851974487304688
3 0.15851974487304688
4 0.15851974487304688
5 0.15851974487304688
6 0.15851974487304688
3 0.15851974487304688
4 0.15851974487304688
5 0.15851974487304688
6 0.15851974487304688
3 0.15851974487304688
4 0.15851974487304688
5 0.15851974487304688
6 0.15851974487304688
3 0.15851974487304688
4 0.15851974487304688
5 0.15851974487304688
6 0.15851974487304688
3 0.15851974487304688
4 0.15851974487304688
5 0.15851974487304688
6 0.15851974487304688
3 0.15851974487304688
4 0.15851974487304688
5 0.15851974487304688
6 0.15851974487304688
3 0.15851974487304688
4 0.15851974487304688
5 0.15851974487304688
6 0.15851974487304688
3 0.15851974487304688
4 0.15851974487304688
5 0.15851974487304688
6 0.15851974487304688
3 0.15851974487304688
4 0.15851974487304688
5 0.15851974487304688
6 0.15851974487304688
3 0.15851974487304688
4 0.15851974487304688
5 0.15851974487304688
6 0.15851974487304688
3 0.15851974487304688
4 0.15851974487304688
5 0.15851974487304688
6 0.15851974487304688
3 0.15851974487304688
4 0.15851974487304688
5 0.15851974487304688
6 0.15851974487304688
3 0.15851974487304688
4 0.15851974487304688
5 0.15851974487304688
6 0.15851974487304688
3 0.15851974487304688
4 0.15851974487304688
5 0.15851974487304688
6 0.15851974487304688
3 0.15851974487304688
4 0.15851974487304688
5 0.15851974487304688
6 0.15851974487304688
3 0.15851974487304688
4 0.15851974487304688
5 0.15851974487304688
6 0.15851974487304688
3 0.15851974487304688
4 0.15851974487304688
5 0.15851974487304688
6 0.15851974487304688
3 0.15851974487304688
4 0.15851974487304688
5 0.15851974487304688
6 0.15851974487304688
3 0.15851974487304688
4 0.15851974487304688
5 0.15851974487304688
6 0.15851974487304688
3 0.15851974487304688
4 0.15851974487304688
5 0.15851974487304688
6 0.15851974487304688
3 0.15851974487304688
4 0.15851974487304688
5 0.15851974487304688
6 0.15851974487304688
3 0.15851974487304688
4 0.15851974487304688
5 0.15851974487304688
6 0.15851974487304688
3 0.15851974487304688
4 0.15851974487304688
5 0.15851974487304688
6 0.15851974487304688
3 0.15851974487304688
4 0.15851974487304688
5 0.15851974487304688
6 0.15851974487304688
3 0.15851974487304688
4 0.15851974487304688
5 0.15851974487304688
6 0.15851974487304688
3 0.15851974487304688
4 0.15851974487304688
5 0.15851974487304688
6 0.15851974487304688
3 0.15851974487304688
4 0.15851974487304688
5 0.15851974487304688
6 0.15851974487304688
3 0.15851974487304688
4 0.15851974487304688
5 0.15851974487304688
6 0.15851974487304688
3 0.15851974487304688
4 0.15851974487304688
5 0.15851974487304688
6 0.15851974487304688
